{"C:\\Users\\bjeli\\Documents\\Kinetix-Backend\\src\\app.controller.ts": {"path":"C:\\Users\\bjeli\\Documents\\Kinetix-Backend\\src\\app.controller.ts","statementMap":{"0":{"start":{"line":1,"column":0},"end":{"line":1,"column":49}},"1":{"start":{"line":2,"column":0},"end":{"line":2,"column":43}},"2":{"start":{"line":5,"column":7},"end":{"line":12,"column":null}},"3":{"start":{"line":6,"column":31},"end":{"line":6,"column":43}},"4":{"start":{"line":10,"column":4},"end":{"line":10,"column":38}},"5":{"start":{"line":5,"column":13},"end":{"line":5,"column":26}},"6":{"start":{"line":9,"column":2},"end":{"line":11,"column":null}},"7":{"start":{"line":5,"column":13},"end":{"line":12,"column":null}}},"fnMap":{"0":{"name":"(anonymous_2)","decl":{"start":{"line":6,"column":2},"end":{"line":6,"column":31}},"loc":{"start":{"line":6,"column":53},"end":{"line":6,"column":57}}},"1":{"name":"(anonymous_3)","decl":{"start":{"line":9,"column":2},"end":{"line":9,"column":10}},"loc":{"start":{"line":9,"column":10},"end":{"line":11,"column":3}}}},"branchMap":{"0":{"loc":{"start":{"line":6,"column":43},"end":{"line":6,"column":56}},"type":"cond-expr","locations":[{"start":{"line":6,"column":53},"end":{"line":6,"column":56}},{"start":{"line":6,"column":53},"end":{"line":6,"column":56}}]},"1":{"loc":{"start":{"line":6,"column":43},"end":{"line":6,"column":53}},"type":"binary-expr","locations":[{"start":{"line":6,"column":43},"end":{"line":6,"column":56}},{"start":{"line":6,"column":43},"end":{"line":6,"column":53}}]}},"s":{"0":1,"1":1,"2":1,"3":1,"4":1,"5":1,"6":1,"7":1},"f":{"0":1,"1":1},"b":{"0":[1,0],"1":[1,1]}}
,"C:\\Users\\bjeli\\Documents\\Kinetix-Backend\\src\\app.service.ts": {"path":"C:\\Users\\bjeli\\Documents\\Kinetix-Backend\\src\\app.service.ts","statementMap":{"0":{"start":{"line":1,"column":0},"end":{"line":1,"column":44}},"1":{"start":{"line":4,"column":7},"end":{"line":8,"column":null}},"2":{"start":{"line":6,"column":4},"end":{"line":6,"column":26}},"3":{"start":{"line":4,"column":13},"end":{"line":4,"column":23}},"4":{"start":{"line":4,"column":13},"end":{"line":8,"column":null}}},"fnMap":{"0":{"name":"(anonymous_1)","decl":{"start":{"line":5,"column":2},"end":{"line":5,"column":10}},"loc":{"start":{"line":5,"column":10},"end":{"line":7,"column":3}}}},"branchMap":{},"s":{"0":1,"1":1,"2":1,"3":1,"4":1},"f":{"0":1},"b":{}}
,"C:\\Users\\bjeli\\Documents\\Kinetix-Backend\\src\\auth\\auth.controller.ts": {"path":"C:\\Users\\bjeli\\Documents\\Kinetix-Backend\\src\\auth\\auth.controller.ts","statementMap":{"0":{"start":{"line":1,"column":0},"end":{"line":1,"column":null}},"1":{"start":{"line":9,"column":0},"end":{"line":9,"column":84}},"2":{"start":{"line":10,"column":0},"end":{"line":10,"column":45}},"3":{"start":{"line":11,"column":0},"end":{"line":11,"column":49}},"4":{"start":{"line":12,"column":0},"end":{"line":12,"column":43}},"5":{"start":{"line":13,"column":0},"end":{"line":13,"column":58}},"6":{"start":{"line":14,"column":0},"end":{"line":14,"column":63}},"7":{"start":{"line":15,"column":0},"end":{"line":15,"column":74}},"8":{"start":{"line":20,"column":7},"end":{"line":80,"column":null}},"9":{"start":{"line":21,"column":22},"end":{"line":21,"column":35}},"10":{"start":{"line":29,"column":4},"end":{"line":29,"column":50}},"11":{"start":{"line":37,"column":17},"end":{"line":39,"column":null}},"12":{"start":{"line":41,"column":4},"end":{"line":43,"column":5}},"13":{"start":{"line":42,"column":6},"end":{"line":42,"column":61}},"14":{"start":{"line":44,"column":4},"end":{"line":44,"column":40}},"15":{"start":{"line":52,"column":4},"end":{"line":52,"column":71}},"16":{"start":{"line":62,"column":4},"end":{"line":66,"column":6}},"17":{"start":{"line":78,"column":4},"end":{"line":78,"column":50}},"18":{"start":{"line":20,"column":13},"end":{"line":20,"column":27}},"19":{"start":{"line":28,"column":8},"end":{"line":30,"column":null}},"20":{"start":{"line":36,"column":8},"end":{"line":45,"column":null}},"21":{"start":{"line":51,"column":8},"end":{"line":53,"column":null}},"22":{"start":{"line":61,"column":2},"end":{"line":67,"column":null}},"23":{"start":{"line":75,"column":2},"end":{"line":79,"column":null}},"24":{"start":{"line":20,"column":13},"end":{"line":80,"column":null}}},"fnMap":{"0":{"name":"(anonymous_4)","decl":{"start":{"line":21,"column":2},"end":{"line":21,"column":22}},"loc":{"start":{"line":21,"column":46},"end":{"line":21,"column":50}}},"1":{"name":"(anonymous_5)","decl":{"start":{"line":28,"column":8},"end":{"line":28,"column":16}},"loc":{"start":{"line":28,"column":49},"end":{"line":30,"column":3}}},"2":{"name":"(anonymous_6)","decl":{"start":{"line":36,"column":8},"end":{"line":36,"column":13}},"loc":{"start":{"line":36,"column":40},"end":{"line":45,"column":3}}},"3":{"name":"(anonymous_7)","decl":{"start":{"line":51,"column":8},"end":{"line":51,"column":15}},"loc":{"start":{"line":51,"column":56},"end":{"line":53,"column":3}}},"4":{"name":"(anonymous_8)","decl":{"start":{"line":61,"column":2},"end":{"line":61,"column":12}},"loc":{"start":{"line":61,"column":44},"end":{"line":67,"column":3}}},"5":{"name":"(anonymous_9)","decl":{"start":{"line":75,"column":2},"end":{"line":75,"column":8}},"loc":{"start":{"line":75,"column":8},"end":{"line":79,"column":3}}}},"branchMap":{"0":{"loc":{"start":{"line":41,"column":4},"end":{"line":43,"column":5}},"type":"if","locations":[{"start":{"line":41,"column":4},"end":{"line":43,"column":5}},{"start":{},"end":{}}]},"1":{"loc":{"start":{"line":28,"column":38},"end":{"line":28,"column":null}},"type":"cond-expr","locations":[{"start":{"line":28,"column":49},"end":{"line":28,"column":null}},{"start":{"line":28,"column":49},"end":{"line":28,"column":null}}]},"2":{"loc":{"start":{"line":28,"column":38},"end":{"line":28,"column":49}},"type":"binary-expr","locations":[{"start":{"line":28,"column":38},"end":{"line":28,"column":null}},{"start":{"line":28,"column":38},"end":{"line":28,"column":49}}]},"3":{"loc":{"start":{"line":36,"column":32},"end":{"line":36,"column":null}},"type":"cond-expr","locations":[{"start":{"line":36,"column":40},"end":{"line":36,"column":null}},{"start":{"line":36,"column":40},"end":{"line":36,"column":null}}]},"4":{"loc":{"start":{"line":36,"column":32},"end":{"line":36,"column":40}},"type":"binary-expr","locations":[{"start":{"line":36,"column":32},"end":{"line":36,"column":null}},{"start":{"line":36,"column":32},"end":{"line":36,"column":40}}]},"5":{"loc":{"start":{"line":51,"column":41},"end":{"line":51,"column":null}},"type":"cond-expr","locations":[{"start":{"line":51,"column":56},"end":{"line":51,"column":null}},{"start":{"line":51,"column":56},"end":{"line":51,"column":null}}]},"6":{"loc":{"start":{"line":51,"column":41},"end":{"line":51,"column":56}},"type":"binary-expr","locations":[{"start":{"line":51,"column":41},"end":{"line":51,"column":null}},{"start":{"line":51,"column":41},"end":{"line":51,"column":56}}]},"7":{"loc":{"start":{"line":21,"column":35},"end":{"line":21,"column":49}},"type":"cond-expr","locations":[{"start":{"line":21,"column":46},"end":{"line":21,"column":49}},{"start":{"line":21,"column":46},"end":{"line":21,"column":49}}]},"8":{"loc":{"start":{"line":21,"column":35},"end":{"line":21,"column":46}},"type":"binary-expr","locations":[{"start":{"line":21,"column":35},"end":{"line":21,"column":49}},{"start":{"line":21,"column":35},"end":{"line":21,"column":46}}]}},"s":{"0":1,"1":1,"2":1,"3":1,"4":1,"5":1,"6":1,"7":1,"8":1,"9":8,"10":2,"11":2,"12":2,"13":1,"14":1,"15":2,"16":1,"17":1,"18":1,"19":1,"20":1,"21":1,"22":1,"23":1,"24":1},"f":{"0":8,"1":2,"2":2,"3":2,"4":1,"5":1},"b":{"0":[1,1],"1":[1,0],"2":[1,1],"3":[1,0],"4":[1,1],"5":[1,0],"6":[1,1],"7":[1,0],"8":[1,1]}}
,"C:\\Users\\bjeli\\Documents\\Kinetix-Backend\\src\\auth\\auth.service.ts": {"path":"C:\\Users\\bjeli\\Documents\\Kinetix-Backend\\src\\auth\\auth.service.ts","statementMap":{"0":{"start":{"line":1,"column":0},"end":{"line":1,"column":86}},"1":{"start":{"line":2,"column":0},"end":{"line":2,"column":54}},"2":{"start":{"line":3,"column":0},"end":{"line":3,"column":63}},"3":{"start":{"line":4,"column":0},"end":{"line":4,"column":60}},"4":{"start":{"line":5,"column":0},"end":{"line":5,"column":41}},"5":{"start":{"line":6,"column":0},"end":{"line":6,"column":33}},"6":{"start":{"line":10,"column":0},"end":{"line":10,"column":58}},"7":{"start":{"line":13,"column":7},"end":{"line":128,"column":null}},"8":{"start":{"line":15,"column":12},"end":{"line":15,"column":26}},"9":{"start":{"line":16,"column":12},"end":{"line":16,"column":29}},"10":{"start":{"line":17,"column":12},"end":{"line":17,"column":28}},"11":{"start":{"line":18,"column":12},"end":{"line":18,"column":24}},"12":{"start":{"line":23,"column":25},"end":{"line":23,"column":82}},"13":{"start":{"line":24,"column":4},"end":{"line":26,"column":5}},"14":{"start":{"line":25,"column":6},"end":{"line":25,"column":57}},"15":{"start":{"line":29,"column":17},"end":{"line":29,"column":39}},"16":{"start":{"line":30,"column":27},"end":{"line":30,"column":72}},"17":{"start":{"line":33,"column":17},"end":{"line":36,"column":6}},"18":{"start":{"line":38,"column":20},"end":{"line":38,"column":40}},"19":{"start":{"line":41,"column":4},"end":{"line":56,"column":5}},"20":{"start":{"line":43,"column":6},"end":{"line":43,"column":75}},"21":{"start":{"line":44,"column":11},"end":{"line":56,"column":5}},"22":{"start":{"line":48,"column":6},"end":{"line":54,"column":7}},"23":{"start":{"line":49,"column":8},"end":{"line":53,"column":10}},"24":{"start":{"line":58,"column":4},"end":{"line":58,"column":40}},"25":{"start":{"line":62,"column":17},"end":{"line":62,"column":78}},"26":{"start":{"line":63,"column":4},"end":{"line":66,"column":5}},"27":{"start":{"line":64,"column":42},"end":{"line":64,"column":57}},"28":{"start":{"line":65,"column":6},"end":{"line":65,"column":20}},"29":{"start":{"line":67,"column":4},"end":{"line":67,"column":16}},"30":{"start":{"line":71,"column":4},"end":{"line":71,"column":37}},"31":{"start":{"line":75,"column":4},"end":{"line":103,"column":5}},"32":{"start":{"line":76,"column":22},"end":{"line":78,"column":15}},"33":{"start":{"line":81,"column":19},"end":{"line":81,"column":63}},"34":{"start":{"line":82,"column":6},"end":{"line":84,"column":7}},"35":{"start":{"line":83,"column":8},"end":{"line":83,"column":58}},"36":{"start":{"line":87,"column":46},"end":{"line":91,"column":8}},"37":{"start":{"line":93,"column":31},"end":{"line":93,"column":73}},"38":{"start":{"line":94,"column":6},"end":{"line":100,"column":8}},"39":{"start":{"line":102,"column":6},"end":{"line":102,"column":63}},"40":{"start":{"line":107,"column":41},"end":{"line":111,"column":6}},"41":{"start":{"line":112,"column":29},"end":{"line":112,"column":71}},"42":{"start":{"line":113,"column":4},"end":{"line":126,"column":6}},"43":{"start":{"line":13,"column":13},"end":{"line":13,"column":24}},"44":{"start":{"line":13,"column":13},"end":{"line":128,"column":null}}},"fnMap":{"0":{"name":"(anonymous_11)","decl":{"start":{"line":14,"column":2},"end":{"line":14,"column":null}},"loc":{"start":{"line":18,"column":34},"end":{"line":19,"column":6}}},"1":{"name":"(anonymous_12)","decl":{"start":{"line":21,"column":2},"end":{"line":21,"column":7}},"loc":{"start":{"line":21,"column":41},"end":{"line":59,"column":3}}},"2":{"name":"(anonymous_13)","decl":{"start":{"line":61,"column":2},"end":{"line":61,"column":7}},"loc":{"start":{"line":61,"column":48},"end":{"line":68,"column":3}}},"3":{"name":"(anonymous_14)","decl":{"start":{"line":70,"column":2},"end":{"line":70,"column":7}},"loc":{"start":{"line":70,"column":23},"end":{"line":72,"column":3}}},"4":{"name":"(anonymous_15)","decl":{"start":{"line":74,"column":2},"end":{"line":74,"column":7}},"loc":{"start":{"line":74,"column":41},"end":{"line":104,"column":3}}},"5":{"name":"(anonymous_16)","decl":{"start":{"line":106,"column":10},"end":{"line":106,"column":15}},"loc":{"start":{"line":106,"column":49},"end":{"line":127,"column":3}}}},"branchMap":{"0":{"loc":{"start":{"line":24,"column":4},"end":{"line":26,"column":5}},"type":"if","locations":[{"start":{"line":24,"column":4},"end":{"line":26,"column":5}},{"start":{},"end":{}}]},"1":{"loc":{"start":{"line":41,"column":4},"end":{"line":56,"column":5}},"type":"if","locations":[{"start":{"line":41,"column":4},"end":{"line":56,"column":5}},{"start":{"line":44,"column":11},"end":{"line":56,"column":5}}]},"2":{"loc":{"start":{"line":44,"column":11},"end":{"line":56,"column":5}},"type":"if","locations":[{"start":{"line":44,"column":11},"end":{"line":56,"column":5}},{"start":{},"end":{}}]},"3":{"loc":{"start":{"line":48,"column":6},"end":{"line":54,"column":7}},"type":"if","locations":[{"start":{"line":48,"column":6},"end":{"line":54,"column":7}},{"start":{},"end":{}}]},"4":{"loc":{"start":{"line":63,"column":4},"end":{"line":66,"column":5}},"type":"if","locations":[{"start":{"line":63,"column":4},"end":{"line":66,"column":5}},{"start":{},"end":{}}]},"5":{"loc":{"start":{"line":63,"column":8},"end":{"line":63,"column":63}},"type":"binary-expr","locations":[{"start":{"line":63,"column":8},"end":{"line":63,"column":12}},{"start":{"line":63,"column":17},"end":{"line":63,"column":62}}]},"6":{"loc":{"start":{"line":82,"column":6},"end":{"line":84,"column":7}},"type":"if","locations":[{"start":{"line":82,"column":6},"end":{"line":84,"column":7}},{"start":{},"end":{}}]},"7":{"loc":{"start":{"line":93,"column":31},"end":{"line":93,"column":73}},"type":"binary-expr","locations":[{"start":{"line":93,"column":31},"end":{"line":93,"column":65}},{"start":{"line":93,"column":69},"end":{"line":93,"column":73}}]},"8":{"loc":{"start":{"line":112,"column":29},"end":{"line":112,"column":71}},"type":"binary-expr","locations":[{"start":{"line":112,"column":29},"end":{"line":112,"column":63}},{"start":{"line":112,"column":67},"end":{"line":112,"column":71}}]},"9":{"loc":{"start":{"line":15,"column":26},"end":{"line":15,"column":null}},"type":"cond-expr","locations":[{"start":{"line":15,"column":38},"end":{"line":15,"column":null}},{"start":{"line":15,"column":38},"end":{"line":15,"column":null}}]},"10":{"loc":{"start":{"line":15,"column":26},"end":{"line":15,"column":38}},"type":"binary-expr","locations":[{"start":{"line":15,"column":26},"end":{"line":15,"column":null}},{"start":{"line":15,"column":26},"end":{"line":15,"column":38}}]},"11":{"loc":{"start":{"line":15,"column":38},"end":{"line":16,"column":null}},"type":"cond-expr","locations":[{"start":{"line":16,"column":44},"end":{"line":16,"column":null}},{"start":{"line":16,"column":44},"end":{"line":16,"column":null}}]},"12":{"loc":{"start":{"line":15,"column":38},"end":{"line":16,"column":44}},"type":"binary-expr","locations":[{"start":{"line":15,"column":38},"end":{"line":16,"column":null}},{"start":{"line":16,"column":29},"end":{"line":16,"column":44}}]},"13":{"loc":{"start":{"line":16,"column":44},"end":{"line":17,"column":null}},"type":"cond-expr","locations":[{"start":{"line":17,"column":42},"end":{"line":17,"column":null}},{"start":{"line":17,"column":42},"end":{"line":17,"column":null}}]},"14":{"loc":{"start":{"line":16,"column":44},"end":{"line":17,"column":42}},"type":"binary-expr","locations":[{"start":{"line":16,"column":44},"end":{"line":17,"column":null}},{"start":{"line":17,"column":28},"end":{"line":17,"column":42}}]},"15":{"loc":{"start":{"line":17,"column":42},"end":{"line":18,"column":null}},"type":"cond-expr","locations":[{"start":{"line":18,"column":34},"end":{"line":18,"column":null}},{"start":{"line":18,"column":34},"end":{"line":18,"column":null}}]},"16":{"loc":{"start":{"line":17,"column":42},"end":{"line":18,"column":34}},"type":"binary-expr","locations":[{"start":{"line":17,"column":42},"end":{"line":18,"column":null}},{"start":{"line":18,"column":24},"end":{"line":18,"column":34}}]}},"s":{"0":2,"1":2,"2":2,"3":2,"4":2,"5":2,"6":2,"7":2,"8":11,"9":11,"10":11,"11":11,"12":3,"13":3,"14":1,"15":2,"16":2,"17":2,"18":2,"19":2,"20":1,"21":1,"22":1,"23":1,"24":2,"25":3,"26":3,"27":1,"28":1,"29":2,"30":1,"31":3,"32":3,"33":2,"34":2,"35":1,"36":1,"37":1,"38":1,"39":2,"40":4,"41":4,"42":4,"43":2,"44":2},"f":{"0":11,"1":3,"2":3,"3":1,"4":3,"5":4},"b":{"0":[1,2],"1":[1,1],"2":[1,0],"3":[1,0],"4":[1,2],"5":[3,2],"6":[1,1],"7":[1,0],"8":[4,2],"9":[2,0],"10":[2,2],"11":[2,0],"12":[2,2],"13":[2,0],"14":[2,2],"15":[2,0],"16":[2,2]}}
,"C:\\Users\\bjeli\\Documents\\Kinetix-Backend\\src\\auth\\strategies\\jwt.strategy.ts": {"path":"C:\\Users\\bjeli\\Documents\\Kinetix-Backend\\src\\auth\\strategies\\jwt.strategy.ts","statementMap":{"0":{"start":{"line":1,"column":0},"end":{"line":1,"column":52}},"1":{"start":{"line":2,"column":0},"end":{"line":2,"column":52}},"2":{"start":{"line":3,"column":0},"end":{"line":3,"column":44}},"3":{"start":{"line":4,"column":0},"end":{"line":4,"column":47}},"4":{"start":{"line":8,"column":7},"end":{"line":26,"column":null}},"5":{"start":{"line":10,"column":4},"end":{"line":14,"column":7}},"6":{"start":{"line":18,"column":4},"end":{"line":24,"column":6}},"7":{"start":{"line":8,"column":13},"end":{"line":8,"column":24}},"8":{"start":{"line":8,"column":13},"end":{"line":26,"column":null}}},"fnMap":{"0":{"name":"(anonymous_2)","decl":{"start":{"line":9,"column":2},"end":{"line":9,"column":14}},"loc":{"start":{"line":9,"column":42},"end":{"line":15,"column":3}}},"1":{"name":"(anonymous_3)","decl":{"start":{"line":17,"column":2},"end":{"line":17,"column":7}},"loc":{"start":{"line":17,"column":36},"end":{"line":25,"column":3}}}},"branchMap":{"0":{"loc":{"start":{"line":13,"column":19},"end":{"line":13,"column":70}},"type":"binary-expr","locations":[{"start":{"line":13,"column":19},"end":{"line":13,"column":58}},{"start":{"line":13,"column":62},"end":{"line":13,"column":70}}]},"1":{"loc":{"start":{"line":9,"column":29},"end":{"line":9,"column":null}},"type":"cond-expr","locations":[{"start":{"line":9,"column":42},"end":{"line":9,"column":null}},{"start":{"line":9,"column":42},"end":{"line":9,"column":null}}]},"2":{"loc":{"start":{"line":9,"column":29},"end":{"line":9,"column":42}},"type":"binary-expr","locations":[{"start":{"line":9,"column":29},"end":{"line":9,"column":null}},{"start":{"line":9,"column":29},"end":{"line":9,"column":42}}]}},"s":{"0":1,"1":1,"2":1,"3":1,"4":1,"5":0,"6":0,"7":1,"8":1},"f":{"0":0,"1":0},"b":{"0":[0,0],"1":[1,0],"2":[1,1]}}
,"C:\\Users\\bjeli\\Documents\\Kinetix-Backend\\src\\checkins\\checkins.controller.ts": {"path":"C:\\Users\\bjeli\\Documents\\Kinetix-Backend\\src\\checkins\\checkins.controller.ts","statementMap":{"0":{"start":{"line":1,"column":0},"end":{"line":1,"column":101}},"1":{"start":{"line":2,"column":0},"end":{"line":2,"column":94}},"2":{"start":{"line":3,"column":0},"end":{"line":3,"column":53}},"3":{"start":{"line":4,"column":0},"end":{"line":4,"column":60}},"4":{"start":{"line":5,"column":0},"end":{"line":5,"column":60}},"5":{"start":{"line":6,"column":0},"end":{"line":6,"column":63}},"6":{"start":{"line":7,"column":0},"end":{"line":7,"column":58}},"7":{"start":{"line":8,"column":0},"end":{"line":8,"column":77}},"8":{"start":{"line":9,"column":0},"end":{"line":9,"column":61}},"9":{"start":{"line":10,"column":0},"end":{"line":10,"column":74}},"10":{"start":{"line":11,"column":0},"end":{"line":11,"column":58}},"11":{"start":{"line":18,"column":7},"end":{"line":91,"column":null}},"12":{"start":{"line":19,"column":31},"end":{"line":19,"column":48}},"13":{"start":{"line":28,"column":4},"end":{"line":28,"column":74}},"14":{"start":{"line":35,"column":4},"end":{"line":35,"column":62}},"15":{"start":{"line":41,"column":4},"end":{"line":41,"column":62}},"16":{"start":{"line":47,"column":4},"end":{"line":47,"column":51}},"17":{"start":{"line":57,"column":4},"end":{"line":57,"column":78}},"18":{"start":{"line":68,"column":4},"end":{"line":72,"column":6}},"19":{"start":{"line":88,"column":4},"end":{"line":88,"column":66}},"20":{"start":{"line":89,"column":4},"end":{"line":89,"column":56}},"21":{"start":{"line":18,"column":13},"end":{"line":18,"column":31}},"22":{"start":{"line":24,"column":8},"end":{"line":29,"column":null}},"23":{"start":{"line":34,"column":8},"end":{"line":36,"column":null}},"24":{"start":{"line":40,"column":8},"end":{"line":42,"column":null}},"25":{"start":{"line":46,"column":8},"end":{"line":48,"column":null}},"26":{"start":{"line":52,"column":8},"end":{"line":58,"column":null}},"27":{"start":{"line":63,"column":8},"end":{"line":73,"column":null}},"28":{"start":{"line":84,"column":8},"end":{"line":90,"column":null}},"29":{"start":{"line":18,"column":13},"end":{"line":91,"column":null}}},"fnMap":{"0":{"name":"(anonymous_4)","decl":{"start":{"line":19,"column":2},"end":{"line":19,"column":31}},"loc":{"start":{"line":19,"column":63},"end":{"line":19,"column":67}}},"1":{"name":"(anonymous_5)","decl":{"start":{"line":24,"column":8},"end":{"line":24,"column":21}},"loc":{"start":{"line":26,"column":46},"end":{"line":29,"column":3}}},"2":{"name":"(anonymous_6)","decl":{"start":{"line":34,"column":8},"end":{"line":34,"column":27}},"loc":{"start":{"line":34,"column":59},"end":{"line":36,"column":3}}},"3":{"name":"(anonymous_7)","decl":{"start":{"line":40,"column":8},"end":{"line":40,"column":26}},"loc":{"start":{"line":40,"column":64},"end":{"line":42,"column":3}}},"4":{"name":"(anonymous_8)","decl":{"start":{"line":46,"column":8},"end":{"line":46,"column":22}},"loc":{"start":{"line":46,"column":46},"end":{"line":48,"column":3}}},"5":{"name":"(anonymous_9)","decl":{"start":{"line":52,"column":8},"end":{"line":52,"column":21}},"loc":{"start":{"line":55,"column":46},"end":{"line":58,"column":3}}},"6":{"name":"(anonymous_10)","decl":{"start":{"line":63,"column":8},"end":{"line":63,"column":30}},"loc":{"start":{"line":66,"column":37},"end":{"line":73,"column":3}}},"7":{"name":"(anonymous_11)","decl":{"start":{"line":84,"column":8},"end":{"line":84,"column":21}},"loc":{"start":{"line":86,"column":34},"end":{"line":90,"column":3}}}},"branchMap":{"0":{"loc":{"start":{"line":26,"column":30},"end":{"line":26,"column":null}},"type":"cond-expr","locations":[{"start":{"line":26,"column":46},"end":{"line":26,"column":null}},{"start":{"line":26,"column":46},"end":{"line":26,"column":null}}]},"1":{"loc":{"start":{"line":26,"column":30},"end":{"line":26,"column":46}},"type":"binary-expr","locations":[{"start":{"line":26,"column":30},"end":{"line":26,"column":null}},{"start":{"line":26,"column":30},"end":{"line":26,"column":46}}]},"2":{"loc":{"start":{"line":55,"column":30},"end":{"line":55,"column":null}},"type":"cond-expr","locations":[{"start":{"line":55,"column":46},"end":{"line":55,"column":null}},{"start":{"line":55,"column":46},"end":{"line":55,"column":null}}]},"3":{"loc":{"start":{"line":55,"column":30},"end":{"line":55,"column":46}},"type":"binary-expr","locations":[{"start":{"line":55,"column":30},"end":{"line":55,"column":null}},{"start":{"line":55,"column":30},"end":{"line":55,"column":46}}]},"4":{"loc":{"start":{"line":19,"column":48},"end":{"line":19,"column":66}},"type":"cond-expr","locations":[{"start":{"line":19,"column":63},"end":{"line":19,"column":66}},{"start":{"line":19,"column":63},"end":{"line":19,"column":66}}]},"5":{"loc":{"start":{"line":19,"column":48},"end":{"line":19,"column":63}},"type":"binary-expr","locations":[{"start":{"line":19,"column":48},"end":{"line":19,"column":66}},{"start":{"line":19,"column":48},"end":{"line":19,"column":63}}]}},"s":{"0":1,"1":1,"2":1,"3":1,"4":1,"5":1,"6":1,"7":1,"8":1,"9":1,"10":1,"11":1,"12":10,"13":1,"14":1,"15":1,"16":2,"17":2,"18":1,"19":2,"20":1,"21":1,"22":1,"23":1,"24":1,"25":1,"26":1,"27":1,"28":1,"29":1},"f":{"0":10,"1":1,"2":1,"3":1,"4":2,"5":2,"6":1,"7":2},"b":{"0":[1,0],"1":[1,1],"2":[1,0],"3":[1,1],"4":[1,0],"5":[1,1]}}
,"C:\\Users\\bjeli\\Documents\\Kinetix-Backend\\src\\checkins\\checkins.service.ts": {"path":"C:\\Users\\bjeli\\Documents\\Kinetix-Backend\\src\\checkins\\checkins.service.ts","statementMap":{"0":{"start":{"line":1,"column":0},"end":{"line":1,"column":103}},"1":{"start":{"line":2,"column":0},"end":{"line":2,"column":47}},"2":{"start":{"line":3,"column":0},"end":{"line":3,"column":40}},"3":{"start":{"line":4,"column":0},"end":{"line":4,"column":68}},"4":{"start":{"line":7,"column":0},"end":{"line":7,"column":60}},"5":{"start":{"line":8,"column":0},"end":{"line":8,"column":63}},"6":{"start":{"line":9,"column":0},"end":{"line":9,"column":78}},"7":{"start":{"line":12,"column":7},"end":{"line":150,"column":null}},"8":{"start":{"line":14,"column":39},"end":{"line":14,"column":53}},"9":{"start":{"line":15,"column":12},"end":{"line":15,"column":28}},"10":{"start":{"line":17,"column":12},"end":{"line":17,"column":29}},"11":{"start":{"line":21,"column":26},"end":{"line":21,"column":72}},"12":{"start":{"line":22,"column":4},"end":{"line":24,"column":5}},"13":{"start":{"line":23,"column":6},"end":{"line":23,"column":63}},"14":{"start":{"line":26,"column":20},"end":{"line":38,"column":6}},"15":{"start":{"line":40,"column":4},"end":{"line":40,"column":26}},"16":{"start":{"line":44,"column":26},"end":{"line":44,"column":72}},"17":{"start":{"line":45,"column":4},"end":{"line":47,"column":5}},"18":{"start":{"line":46,"column":6},"end":{"line":46,"column":63}},"19":{"start":{"line":49,"column":4},"end":{"line":54,"column":14}},"20":{"start":{"line":59,"column":4},"end":{"line":61,"column":5}},"21":{"start":{"line":60,"column":6},"end":{"line":60,"column":56}},"22":{"start":{"line":62,"column":20},"end":{"line":62,"column":70}},"23":{"start":{"line":63,"column":4},"end":{"line":65,"column":5}},"24":{"start":{"line":64,"column":6},"end":{"line":64,"column":56}},"25":{"start":{"line":66,"column":4},"end":{"line":66,"column":19}},"26":{"start":{"line":74,"column":20},"end":{"line":74,"column":70}},"27":{"start":{"line":75,"column":4},"end":{"line":77,"column":5}},"28":{"start":{"line":76,"column":6},"end":{"line":76,"column":78}},"29":{"start":{"line":80,"column":27},"end":{"line":80,"column":79}},"30":{"start":{"line":81,"column":30},"end":{"line":81,"column":67}},"31":{"start":{"line":84,"column":4},"end":{"line":86,"column":5}},"32":{"start":{"line":85,"column":6},"end":{"line":85,"column":86}},"33":{"start":{"line":88,"column":4},"end":{"line":88,"column":69}},"34":{"start":{"line":89,"column":4},"end":{"line":89,"column":59}},"35":{"start":{"line":90,"column":4},"end":{"line":90,"column":36}},"36":{"start":{"line":91,"column":4},"end":{"line":93,"column":5}},"37":{"start":{"line":92,"column":6},"end":{"line":92,"column":65}},"38":{"start":{"line":95,"column":4},"end":{"line":95,"column":26}},"39":{"start":{"line":99,"column":4},"end":{"line":108,"column":14}},"40":{"start":{"line":116,"column":26},"end":{"line":116,"column":72}},"41":{"start":{"line":117,"column":4},"end":{"line":119,"column":5}},"42":{"start":{"line":118,"column":6},"end":{"line":118,"column":63}},"43":{"start":{"line":121,"column":4},"end":{"line":129,"column":14}},"44":{"start":{"line":133,"column":20},"end":{"line":133,"column":70}},"45":{"start":{"line":134,"column":4},"end":{"line":136,"column":5}},"46":{"start":{"line":135,"column":6},"end":{"line":135,"column":56}},"47":{"start":{"line":139,"column":26},"end":{"line":139,"column":72}},"48":{"start":{"line":140,"column":29},"end":{"line":140,"column":78}},"49":{"start":{"line":143,"column":4},"end":{"line":145,"column":5}},"50":{"start":{"line":144,"column":6},"end":{"line":144,"column":77}},"51":{"start":{"line":148,"column":4},"end":{"line":148,"column":64}},"52":{"start":{"line":12,"column":13},"end":{"line":12,"column":28}},"53":{"start":{"line":12,"column":13},"end":{"line":150,"column":null}},"54":{"start":{"line":16,"column":29},"end":{"line":16,"column":44}}},"fnMap":{"0":{"name":"(anonymous_4)","decl":{"start":{"line":13,"column":2},"end":{"line":13,"column":null}},"loc":{"start":{"line":17,"column":44},"end":{"line":18,"column":6}}},"1":{"name":"(anonymous_5)","decl":{"start":{"line":20,"column":2},"end":{"line":20,"column":7}},"loc":{"start":{"line":20,"column":74},"end":{"line":41,"column":3}}},"2":{"name":"(anonymous_6)","decl":{"start":{"line":43,"column":2},"end":{"line":43,"column":7}},"loc":{"start":{"line":43,"column":44},"end":{"line":55,"column":3}}},"3":{"name":"(anonymous_7)","decl":{"start":{"line":57,"column":2},"end":{"line":57,"column":7}},"loc":{"start":{"line":57,"column":40},"end":{"line":67,"column":3}}},"4":{"name":"(anonymous_8)","decl":{"start":{"line":69,"column":2},"end":{"line":69,"column":7}},"loc":{"start":{"line":72,"column":38},"end":{"line":96,"column":3}}},"5":{"name":"(anonymous_9)","decl":{"start":{"line":98,"column":2},"end":{"line":98,"column":7}},"loc":{"start":{"line":98,"column":44},"end":{"line":109,"column":3}}},"6":{"name":"(anonymous_10)","decl":{"start":{"line":111,"column":2},"end":{"line":111,"column":7}},"loc":{"start":{"line":114,"column":17},"end":{"line":130,"column":3}}},"7":{"name":"(anonymous_11)","decl":{"start":{"line":132,"column":2},"end":{"line":132,"column":7}},"loc":{"start":{"line":132,"column":57},"end":{"line":149,"column":3}}},"8":{"name":"(anonymous_12)","decl":{"start":{"line":16,"column":23},"end":{"line":16,"column":26}},"loc":{"start":{"line":16,"column":29},"end":{"line":16,"column":44}}}},"branchMap":{"0":{"loc":{"start":{"line":22,"column":4},"end":{"line":24,"column":5}},"type":"if","locations":[{"start":{"line":22,"column":4},"end":{"line":24,"column":5}},{"start":{},"end":{}}]},"1":{"loc":{"start":{"line":27,"column":17},"end":{"line":27,"column":66}},"type":"binary-expr","locations":[{"start":{"line":27,"column":17},"end":{"line":27,"column":42}},{"start":{"line":27,"column":46},"end":{"line":27,"column":66}}]},"2":{"loc":{"start":{"line":29,"column":20},"end":{"line":29,"column":113}},"type":"cond-expr","locations":[{"start":{"line":29,"column":52},"end":{"line":29,"column":101}},{"start":{"line":29,"column":104},"end":{"line":29,"column":113}}]},"3":{"loc":{"start":{"line":45,"column":4},"end":{"line":47,"column":5}},"type":"if","locations":[{"start":{"line":45,"column":4},"end":{"line":47,"column":5}},{"start":{},"end":{}}]},"4":{"loc":{"start":{"line":50,"column":25},"end":{"line":50,"column":74}},"type":"binary-expr","locations":[{"start":{"line":50,"column":25},"end":{"line":50,"column":50}},{"start":{"line":50,"column":54},"end":{"line":50,"column":74}}]},"5":{"loc":{"start":{"line":59,"column":4},"end":{"line":61,"column":5}},"type":"if","locations":[{"start":{"line":59,"column":4},"end":{"line":61,"column":5}},{"start":{},"end":{}}]},"6":{"loc":{"start":{"line":63,"column":4},"end":{"line":65,"column":5}},"type":"if","locations":[{"start":{"line":63,"column":4},"end":{"line":65,"column":5}},{"start":{},"end":{}}]},"7":{"loc":{"start":{"line":75,"column":4},"end":{"line":77,"column":5}},"type":"if","locations":[{"start":{"line":75,"column":4},"end":{"line":77,"column":5}},{"start":{},"end":{}}]},"8":{"loc":{"start":{"line":84,"column":4},"end":{"line":86,"column":5}},"type":"if","locations":[{"start":{"line":84,"column":4},"end":{"line":86,"column":5}},{"start":{},"end":{}}]},"9":{"loc":{"start":{"line":91,"column":4},"end":{"line":93,"column":5}},"type":"if","locations":[{"start":{"line":91,"column":4},"end":{"line":93,"column":5}},{"start":{},"end":{}}]},"10":{"loc":{"start":{"line":117,"column":4},"end":{"line":119,"column":5}},"type":"if","locations":[{"start":{"line":117,"column":4},"end":{"line":119,"column":5}},{"start":{},"end":{}}]},"11":{"loc":{"start":{"line":123,"column":19},"end":{"line":123,"column":68}},"type":"binary-expr","locations":[{"start":{"line":123,"column":19},"end":{"line":123,"column":44}},{"start":{"line":123,"column":48},"end":{"line":123,"column":68}}]},"12":{"loc":{"start":{"line":134,"column":4},"end":{"line":136,"column":5}},"type":"if","locations":[{"start":{"line":134,"column":4},"end":{"line":136,"column":5}},{"start":{},"end":{}}]},"13":{"loc":{"start":{"line":140,"column":29},"end":{"line":140,"column":78}},"type":"binary-expr","locations":[{"start":{"line":140,"column":29},"end":{"line":140,"column":54}},{"start":{"line":140,"column":58},"end":{"line":140,"column":78}}]},"14":{"loc":{"start":{"line":143,"column":4},"end":{"line":145,"column":5}},"type":"if","locations":[{"start":{"line":143,"column":4},"end":{"line":145,"column":5}},{"start":{},"end":{}}]},"15":{"loc":{"start":{"line":14,"column":53},"end":{"line":14,"column":75}},"type":"cond-expr","locations":[{"start":{"line":14,"column":58},"end":{"line":14,"column":75}},{"start":{"line":14,"column":58},"end":{"line":14,"column":75}}]},"16":{"loc":{"start":{"line":14,"column":53},"end":{"line":14,"column":58}},"type":"binary-expr","locations":[{"start":{"line":14,"column":53},"end":{"line":14,"column":75}},{"start":{"line":14,"column":53},"end":{"line":14,"column":58}}]},"17":{"loc":{"start":{"line":14,"column":58},"end":{"line":15,"column":null}},"type":"cond-expr","locations":[{"start":{"line":15,"column":42},"end":{"line":15,"column":null}},{"start":{"line":15,"column":42},"end":{"line":15,"column":null}}]},"18":{"loc":{"start":{"line":14,"column":58},"end":{"line":15,"column":42}},"type":"binary-expr","locations":[{"start":{"line":14,"column":58},"end":{"line":15,"column":null}},{"start":{"line":15,"column":28},"end":{"line":15,"column":42}}]},"19":{"loc":{"start":{"line":15,"column":42},"end":{"line":17,"column":null}},"type":"cond-expr","locations":[{"start":{"line":17,"column":44},"end":{"line":17,"column":null}},{"start":{"line":17,"column":44},"end":{"line":17,"column":null}}]},"20":{"loc":{"start":{"line":15,"column":42},"end":{"line":17,"column":44}},"type":"binary-expr","locations":[{"start":{"line":15,"column":42},"end":{"line":17,"column":null}},{"start":{"line":17,"column":29},"end":{"line":17,"column":44}}]}},"s":{"0":4,"1":4,"2":4,"3":4,"4":4,"5":4,"6":4,"7":4,"8":18,"9":18,"10":18,"11":3,"12":3,"13":1,"14":2,"15":2,"16":2,"17":2,"18":1,"19":1,"20":2,"21":0,"22":2,"23":2,"24":1,"25":1,"26":4,"27":4,"28":1,"29":3,"30":3,"31":3,"32":1,"33":2,"34":2,"35":2,"36":2,"37":1,"38":2,"39":1,"40":2,"41":2,"42":1,"43":1,"44":3,"45":3,"46":1,"47":2,"48":2,"49":2,"50":1,"51":1,"52":4,"53":4,"54":18},"f":{"0":18,"1":3,"2":2,"3":2,"4":4,"5":1,"6":2,"7":3,"8":18},"b":{"0":[1,2],"1":[2,0],"2":[1,1],"3":[1,1],"4":[1,0],"5":[0,2],"6":[1,1],"7":[1,3],"8":[1,2],"9":[1,1],"10":[1,1],"11":[1,0],"12":[1,2],"13":[2,0],"14":[1,1],"15":[4,0],"16":[4,4],"17":[4,0],"18":[4,4],"19":[4,0],"20":[4,4]}}
,"C:\\Users\\bjeli\\Documents\\Kinetix-Backend\\src\\clients\\clients.controller.ts": {"path":"C:\\Users\\bjeli\\Documents\\Kinetix-Backend\\src\\clients\\clients.controller.ts","statementMap":{"0":{"start":{"line":1,"column":0},"end":{"line":1,"column":null}},"1":{"start":{"line":8,"column":0},"end":{"line":8,"column":84}},"2":{"start":{"line":9,"column":0},"end":{"line":9,"column":51}},"3":{"start":{"line":10,"column":0},"end":{"line":10,"column":63}},"4":{"start":{"line":11,"column":0},"end":{"line":11,"column":58}},"5":{"start":{"line":12,"column":0},"end":{"line":12,"column":63}},"6":{"start":{"line":13,"column":0},"end":{"line":13,"column":58}},"7":{"start":{"line":14,"column":0},"end":{"line":14,"column":77}},"8":{"start":{"line":15,"column":0},"end":{"line":15,"column":61}},"9":{"start":{"line":16,"column":0},"end":{"line":16,"column":74}},"10":{"start":{"line":17,"column":0},"end":{"line":17,"column":58}},"11":{"start":{"line":24,"column":7},"end":{"line":110,"column":null}},"12":{"start":{"line":26,"column":12},"end":{"line":26,"column":28}},"13":{"start":{"line":27,"column":12},"end":{"line":27,"column":29}},"14":{"start":{"line":37,"column":4},"end":{"line":37,"column":52}},"15":{"start":{"line":50,"column":4},"end":{"line":50,"column":60}},"16":{"start":{"line":60,"column":4},"end":{"line":60,"column":56}},"17":{"start":{"line":70,"column":18},"end":{"line":70,"column":28}},"18":{"start":{"line":71,"column":4},"end":{"line":71,"column":65}},"19":{"start":{"line":81,"column":4},"end":{"line":81,"column":60}},"20":{"start":{"line":91,"column":20},"end":{"line":91,"column":66}},"21":{"start":{"line":93,"column":22},"end":{"line":97,"column":12}},"22":{"start":{"line":98,"column":4},"end":{"line":98,"column":29}},"23":{"start":{"line":108,"column":4},"end":{"line":108,"column":50}},"24":{"start":{"line":24,"column":13},"end":{"line":24,"column":30}},"25":{"start":{"line":36,"column":8},"end":{"line":38,"column":null}},"26":{"start":{"line":46,"column":8},"end":{"line":51,"column":null}},"27":{"start":{"line":59,"column":8},"end":{"line":61,"column":null}},"28":{"start":{"line":69,"column":8},"end":{"line":72,"column":null}},"29":{"start":{"line":80,"column":8},"end":{"line":82,"column":null}},"30":{"start":{"line":90,"column":8},"end":{"line":99,"column":null}},"31":{"start":{"line":107,"column":8},"end":{"line":109,"column":null}},"32":{"start":{"line":24,"column":13},"end":{"line":110,"column":null}}},"fnMap":{"0":{"name":"(anonymous_4)","decl":{"start":{"line":25,"column":2},"end":{"line":25,"column":null}},"loc":{"start":{"line":27,"column":44},"end":{"line":28,"column":6}}},"1":{"name":"(anonymous_5)","decl":{"start":{"line":36,"column":8},"end":{"line":36,"column":18}},"loc":{"start":{"line":36,"column":50},"end":{"line":38,"column":3}}},"2":{"name":"(anonymous_6)","decl":{"start":{"line":46,"column":8},"end":{"line":46,"column":21}},"loc":{"start":{"line":48,"column":32},"end":{"line":51,"column":3}}},"3":{"name":"(anonymous_7)","decl":{"start":{"line":59,"column":8},"end":{"line":59,"column":22}},"loc":{"start":{"line":59,"column":54},"end":{"line":61,"column":3}}},"4":{"name":"(anonymous_8)","decl":{"start":{"line":69,"column":8},"end":{"line":69,"column":27}},"loc":{"start":{"line":69,"column":59},"end":{"line":72,"column":3}}},"5":{"name":"(anonymous_9)","decl":{"start":{"line":80,"column":8},"end":{"line":80,"column":25}},"loc":{"start":{"line":80,"column":57},"end":{"line":82,"column":3}}},"6":{"name":"(anonymous_10)","decl":{"start":{"line":90,"column":8},"end":{"line":90,"column":18}},"loc":{"start":{"line":90,"column":50},"end":{"line":99,"column":3}}},"7":{"name":"(anonymous_11)","decl":{"start":{"line":107,"column":8},"end":{"line":107,"column":16}},"loc":{"start":{"line":107,"column":48},"end":{"line":109,"column":3}}}},"branchMap":{"0":{"loc":{"start":{"line":93,"column":22},"end":{"line":97,"column":12}},"type":"cond-expr","locations":[{"start":{"line":94,"column":10},"end":{"line":96,"column":49}},{"start":{"line":97,"column":8},"end":{"line":97,"column":12}}]},"1":{"loc":{"start":{"line":94,"column":10},"end":{"line":96,"column":49}},"type":"cond-expr","locations":[{"start":{"line":95,"column":13},"end":{"line":95,"column":53}},{"start":{"line":96,"column":13},"end":{"line":96,"column":49}}]},"2":{"loc":{"start":{"line":48,"column":17},"end":{"line":48,"column":null}},"type":"cond-expr","locations":[{"start":{"line":48,"column":32},"end":{"line":48,"column":null}},{"start":{"line":48,"column":32},"end":{"line":48,"column":null}}]},"3":{"loc":{"start":{"line":48,"column":17},"end":{"line":48,"column":32}},"type":"binary-expr","locations":[{"start":{"line":48,"column":17},"end":{"line":48,"column":null}},{"start":{"line":48,"column":17},"end":{"line":48,"column":32}}]},"4":{"loc":{"start":{"line":26,"column":28},"end":{"line":26,"column":null}},"type":"cond-expr","locations":[{"start":{"line":26,"column":42},"end":{"line":26,"column":null}},{"start":{"line":26,"column":42},"end":{"line":26,"column":null}}]},"5":{"loc":{"start":{"line":26,"column":28},"end":{"line":26,"column":42}},"type":"binary-expr","locations":[{"start":{"line":26,"column":28},"end":{"line":26,"column":null}},{"start":{"line":26,"column":28},"end":{"line":26,"column":42}}]},"6":{"loc":{"start":{"line":26,"column":42},"end":{"line":27,"column":null}},"type":"cond-expr","locations":[{"start":{"line":27,"column":44},"end":{"line":27,"column":null}},{"start":{"line":27,"column":44},"end":{"line":27,"column":null}}]},"7":{"loc":{"start":{"line":26,"column":42},"end":{"line":27,"column":44}},"type":"binary-expr","locations":[{"start":{"line":26,"column":42},"end":{"line":27,"column":null}},{"start":{"line":27,"column":29},"end":{"line":27,"column":44}}]}},"s":{"0":1,"1":1,"2":1,"3":1,"4":1,"5":1,"6":1,"7":1,"8":1,"9":1,"10":1,"11":1,"12":10,"13":10,"14":2,"15":1,"16":2,"17":1,"18":1,"19":1,"20":2,"21":2,"22":2,"23":1,"24":1,"25":1,"26":1,"27":1,"28":1,"29":1,"30":1,"31":1,"32":1},"f":{"0":10,"1":2,"2":1,"3":2,"4":1,"5":1,"6":2,"7":1},"b":{"0":[1,1],"1":[1,0],"2":[1,0],"3":[1,1],"4":[1,0],"5":[1,1],"6":[1,0],"7":[1,1]}}
,"C:\\Users\\bjeli\\Documents\\Kinetix-Backend\\src\\clients\\clients.service.ts": {"path":"C:\\Users\\bjeli\\Documents\\Kinetix-Backend\\src\\clients\\clients.service.ts","statementMap":{"0":{"start":{"line":1,"column":0},"end":{"line":1,"column":83}},"1":{"start":{"line":2,"column":0},"end":{"line":2,"column":47}},"2":{"start":{"line":3,"column":0},"end":{"line":3,"column":40}},"3":{"start":{"line":4,"column":0},"end":{"line":4,"column":null}},"4":{"start":{"line":10,"column":0},"end":{"line":10,"column":54}},"5":{"start":{"line":13,"column":7},"end":{"line":120,"column":null}},"6":{"start":{"line":16,"column":12},"end":{"line":16,"column":25}},"7":{"start":{"line":18,"column":12},"end":{"line":18,"column":26}},"8":{"start":{"line":26,"column":26},"end":{"line":30,"column":6}},"9":{"start":{"line":32,"column":4},"end":{"line":32,"column":32}},"10":{"start":{"line":36,"column":20},"end":{"line":41,"column":13}},"11":{"start":{"line":43,"column":4},"end":{"line":45,"column":5}},"12":{"start":{"line":44,"column":6},"end":{"line":44,"column":62}},"13":{"start":{"line":47,"column":4},"end":{"line":47,"column":19}},"14":{"start":{"line":51,"column":20},"end":{"line":56,"column":13}},"15":{"start":{"line":58,"column":4},"end":{"line":60,"column":5}},"16":{"start":{"line":59,"column":6},"end":{"line":59,"column":62}},"17":{"start":{"line":62,"column":4},"end":{"line":62,"column":19}},"18":{"start":{"line":69,"column":28},"end":{"line":69,"column":38}},"19":{"start":{"line":72,"column":4},"end":{"line":74,"column":5}},"20":{"start":{"line":73,"column":6},"end":{"line":73,"column":71}},"21":{"start":{"line":77,"column":4},"end":{"line":79,"column":5}},"22":{"start":{"line":78,"column":6},"end":{"line":78,"column":61}},"23":{"start":{"line":80,"column":4},"end":{"line":82,"column":5}},"24":{"start":{"line":81,"column":6},"end":{"line":81,"column":57}},"25":{"start":{"line":84,"column":20},"end":{"line":90,"column":13}},"26":{"start":{"line":92,"column":4},"end":{"line":94,"column":5}},"27":{"start":{"line":93,"column":6},"end":{"line":93,"column":62}},"28":{"start":{"line":96,"column":4},"end":{"line":96,"column":19}},"29":{"start":{"line":100,"column":20},"end":{"line":100,"column":49}},"30":{"start":{"line":101,"column":4},"end":{"line":103,"column":5}},"31":{"start":{"line":102,"column":6},"end":{"line":102,"column":18}},"32":{"start":{"line":105,"column":20},"end":{"line":107,"column":40}},"33":{"start":{"line":108,"column":4},"end":{"line":108,"column":49}},"34":{"start":{"line":112,"column":20},"end":{"line":112,"column":49}},"35":{"start":{"line":113,"column":4},"end":{"line":118,"column":6}},"36":{"start":{"line":13,"column":13},"end":{"line":13,"column":27}},"37":{"start":{"line":13,"column":13},"end":{"line":120,"column":null}},"38":{"start":{"line":17,"column":29},"end":{"line":17,"column":41}}},"fnMap":{"0":{"name":"(anonymous_4)","decl":{"start":{"line":14,"column":2},"end":{"line":14,"column":null}},"loc":{"start":{"line":18,"column":38},"end":{"line":19,"column":6}}},"1":{"name":"(anonymous_5)","decl":{"start":{"line":21,"column":2},"end":{"line":21,"column":7}},"loc":{"start":{"line":24,"column":24},"end":{"line":33,"column":3}}},"2":{"name":"(anonymous_6)","decl":{"start":{"line":35,"column":2},"end":{"line":35,"column":7}},"loc":{"start":{"line":35,"column":33},"end":{"line":48,"column":3}}},"3":{"name":"(anonymous_7)","decl":{"start":{"line":50,"column":2},"end":{"line":50,"column":7}},"loc":{"start":{"line":50,"column":57},"end":{"line":63,"column":3}}},"4":{"name":"(anonymous_8)","decl":{"start":{"line":65,"column":2},"end":{"line":65,"column":7}},"loc":{"start":{"line":67,"column":24},"end":{"line":97,"column":3}}},"5":{"name":"(anonymous_9)","decl":{"start":{"line":99,"column":2},"end":{"line":99,"column":7}},"loc":{"start":{"line":99,"column":37},"end":{"line":109,"column":3}}},"6":{"name":"(anonymous_10)","decl":{"start":{"line":111,"column":2},"end":{"line":111,"column":7}},"loc":{"start":{"line":111,"column":31},"end":{"line":119,"column":3}}},"7":{"name":"(anonymous_11)","decl":{"start":{"line":17,"column":23},"end":{"line":17,"column":26}},"loc":{"start":{"line":17,"column":29},"end":{"line":17,"column":41}}}},"branchMap":{"0":{"loc":{"start":{"line":43,"column":4},"end":{"line":45,"column":5}},"type":"if","locations":[{"start":{"line":43,"column":4},"end":{"line":45,"column":5}},{"start":{},"end":{}}]},"1":{"loc":{"start":{"line":58,"column":4},"end":{"line":60,"column":5}},"type":"if","locations":[{"start":{"line":58,"column":4},"end":{"line":60,"column":5}},{"start":{},"end":{}}]},"2":{"loc":{"start":{"line":72,"column":4},"end":{"line":74,"column":5}},"type":"if","locations":[{"start":{"line":72,"column":4},"end":{"line":74,"column":5}},{"start":{},"end":{}}]},"3":{"loc":{"start":{"line":77,"column":4},"end":{"line":79,"column":5}},"type":"if","locations":[{"start":{"line":77,"column":4},"end":{"line":79,"column":5}},{"start":{},"end":{}}]},"4":{"loc":{"start":{"line":80,"column":4},"end":{"line":82,"column":5}},"type":"if","locations":[{"start":{"line":80,"column":4},"end":{"line":82,"column":5}},{"start":{},"end":{}}]},"5":{"loc":{"start":{"line":92,"column":4},"end":{"line":94,"column":5}},"type":"if","locations":[{"start":{"line":92,"column":4},"end":{"line":94,"column":5}},{"start":{},"end":{}}]},"6":{"loc":{"start":{"line":101,"column":4},"end":{"line":103,"column":5}},"type":"if","locations":[{"start":{"line":101,"column":4},"end":{"line":103,"column":5}},{"start":{},"end":{}}]},"7":{"loc":{"start":{"line":105,"column":20},"end":{"line":107,"column":40}},"type":"cond-expr","locations":[{"start":{"line":106,"column":9},"end":{"line":106,"column":53}},{"start":{"line":107,"column":8},"end":{"line":107,"column":40}}]},"8":{"loc":{"start":{"line":16,"column":25},"end":{"line":16,"column":53}},"type":"cond-expr","locations":[{"start":{"line":16,"column":30},"end":{"line":16,"column":53}},{"start":{"line":16,"column":30},"end":{"line":16,"column":53}}]},"9":{"loc":{"start":{"line":16,"column":25},"end":{"line":16,"column":30}},"type":"binary-expr","locations":[{"start":{"line":16,"column":25},"end":{"line":16,"column":53}},{"start":{"line":16,"column":25},"end":{"line":16,"column":30}}]},"10":{"loc":{"start":{"line":16,"column":30},"end":{"line":18,"column":null}},"type":"cond-expr","locations":[{"start":{"line":18,"column":38},"end":{"line":18,"column":null}},{"start":{"line":18,"column":38},"end":{"line":18,"column":null}}]},"11":{"loc":{"start":{"line":16,"column":30},"end":{"line":18,"column":38}},"type":"binary-expr","locations":[{"start":{"line":16,"column":30},"end":{"line":18,"column":null}},{"start":{"line":18,"column":26},"end":{"line":18,"column":38}}]}},"s":{"0":16,"1":16,"2":16,"3":16,"4":16,"5":16,"6":8,"7":8,"8":1,"9":1,"10":5,"11":5,"12":1,"13":4,"14":0,"15":0,"16":0,"17":0,"18":2,"19":2,"20":0,"21":2,"22":0,"23":2,"24":0,"25":2,"26":2,"27":1,"28":1,"29":2,"30":2,"31":1,"32":1,"33":1,"34":1,"35":1,"36":16,"37":16,"38":8},"f":{"0":8,"1":1,"2":5,"3":0,"4":2,"5":2,"6":1,"7":8},"b":{"0":[1,4],"1":[0,0],"2":[0,2],"3":[0,2],"4":[0,2],"5":[1,1],"6":[1,1],"7":[1,0],"8":[16,0],"9":[16,16],"10":[14,2],"11":[16,14]}}
,"C:\\Users\\bjeli\\Documents\\Kinetix-Backend\\src\\common\\decorators\\current-user.decorator.ts": {"path":"C:\\Users\\bjeli\\Documents\\Kinetix-Backend\\src\\common\\decorators\\current-user.decorator.ts","statementMap":{"0":{"start":{"line":1,"column":0},"end":{"line":1,"column":72}},"1":{"start":{"line":4,"column":13},"end":{"line":9,"column":2}},"2":{"start":{"line":6,"column":20},"end":{"line":6,"column":51}},"3":{"start":{"line":7,"column":4},"end":{"line":7,"column":24}}},"fnMap":{"0":{"name":"(anonymous_0)","decl":{"start":{"line":5,"column":2},"end":{"line":5,"column":3}},"loc":{"start":{"line":5,"column":55},"end":{"line":8,"column":3}}}},"branchMap":{},"s":{"0":9,"1":9,"2":0,"3":0},"f":{"0":0},"b":{}}
,"C:\\Users\\bjeli\\Documents\\Kinetix-Backend\\src\\common\\decorators\\roles.decorator.ts": {"path":"C:\\Users\\bjeli\\Documents\\Kinetix-Backend\\src\\common\\decorators\\roles.decorator.ts","statementMap":{"0":{"start":{"line":1,"column":0},"end":{"line":1,"column":45}},"1":{"start":{"line":3,"column":13},"end":{"line":3,"column":33}},"2":{"start":{"line":4,"column":21},"end":{"line":4,"column":74}},"3":{"start":{"line":4,"column":45},"end":{"line":4,"column":74}},"4":{"start":{"line":4,"column":13},"end":{"line":4,"column":21}}},"fnMap":{"0":{"name":"(anonymous_0)","decl":{"start":{"line":4,"column":21},"end":{"line":4,"column":22}},"loc":{"start":{"line":4,"column":45},"end":{"line":4,"column":74}}}},"branchMap":{},"s":{"0":9,"1":9,"2":9,"3":40,"4":9},"f":{"0":40},"b":{}}
,"C:\\Users\\bjeli\\Documents\\Kinetix-Backend\\src\\common\\filters\\http-exception.filter.ts": {"path":"C:\\Users\\bjeli\\Documents\\Kinetix-Backend\\src\\common\\filters\\http-exception.filter.ts","statementMap":{"0":{"start":{"line":1,"column":0},"end":{"line":1,"column":null}},"1":{"start":{"line":11,"column":7},"end":{"line":53,"column":null}},"2":{"start":{"line":13,"column":16},"end":{"line":13,"column":35}},"3":{"start":{"line":14,"column":21},"end":{"line":14,"column":48}},"4":{"start":{"line":15,"column":20},"end":{"line":15,"column":45}},"5":{"start":{"line":17,"column":17},"end":{"line":17,"column":49}},"6":{"start":{"line":18,"column":18},"end":{"line":18,"column":41}},"7":{"start":{"line":19,"column":15},"end":{"line":19,"column":38}},"8":{"start":{"line":21,"column":4},"end":{"line":38,"column":5}},"9":{"start":{"line":22,"column":6},"end":{"line":22,"column":37}},"10":{"start":{"line":23,"column":32},"end":{"line":23,"column":55}},"11":{"start":{"line":25,"column":6},"end":{"line":34,"column":7}},"12":{"start":{"line":26,"column":8},"end":{"line":26,"column":36}},"13":{"start":{"line":27,"column":8},"end":{"line":27,"column":32}},"14":{"start":{"line":28,"column":13},"end":{"line":34,"column":7}},"15":{"start":{"line":29,"column":28},"end":{"line":29,"column":52}},"16":{"start":{"line":30,"column":8},"end":{"line":30,"column":59}},"17":{"start":{"line":31,"column":8},"end":{"line":31,"column":70}},"18":{"start":{"line":33,"column":8},"end":{"line":33,"column":36}},"19":{"start":{"line":35,"column":11},"end":{"line":38,"column":5}},"20":{"start":{"line":36,"column":6},"end":{"line":36,"column":34}},"21":{"start":{"line":37,"column":6},"end":{"line":37,"column":39}},"22":{"start":{"line":40,"column":26},"end":{"line":49,"column":6}},"23":{"start":{"line":51,"column":4},"end":{"line":51,"column":48}},"24":{"start":{"line":11,"column":13},"end":{"line":11,"column":32}},"25":{"start":{"line":11,"column":13},"end":{"line":53,"column":null}}},"fnMap":{"0":{"name":"(anonymous_1)","decl":{"start":{"line":12,"column":2},"end":{"line":12,"column":7}},"loc":{"start":{"line":12,"column":47},"end":{"line":52,"column":3}}}},"branchMap":{"0":{"loc":{"start":{"line":21,"column":4},"end":{"line":38,"column":5}},"type":"if","locations":[{"start":{"line":21,"column":4},"end":{"line":38,"column":5}},{"start":{"line":35,"column":11},"end":{"line":38,"column":5}}]},"1":{"loc":{"start":{"line":25,"column":6},"end":{"line":34,"column":7}},"type":"if","locations":[{"start":{"line":25,"column":6},"end":{"line":34,"column":7}},{"start":{"line":28,"column":13},"end":{"line":34,"column":7}}]},"2":{"loc":{"start":{"line":28,"column":13},"end":{"line":34,"column":7}},"type":"if","locations":[{"start":{"line":28,"column":13},"end":{"line":34,"column":7}},{"start":{"line":32,"column":13},"end":{"line":34,"column":7}}]},"3":{"loc":{"start":{"line":30,"column":18},"end":{"line":30,"column":58}},"type":"binary-expr","locations":[{"start":{"line":30,"column":18},"end":{"line":30,"column":37}},{"start":{"line":30,"column":41},"end":{"line":30,"column":58}}]},"4":{"loc":{"start":{"line":31,"column":15},"end":{"line":31,"column":69}},"type":"binary-expr","locations":[{"start":{"line":31,"column":15},"end":{"line":31,"column":31}},{"start":{"line":31,"column":35},"end":{"line":31,"column":49}},{"start":{"line":31,"column":53},"end":{"line":31,"column":69}}]},"5":{"loc":{"start":{"line":35,"column":11},"end":{"line":38,"column":5}},"type":"if","locations":[{"start":{"line":35,"column":11},"end":{"line":38,"column":5}},{"start":{},"end":{}}]},"6":{"loc":{"start":{"line":37,"column":13},"end":{"line":37,"column":38}},"type":"binary-expr","locations":[{"start":{"line":37,"column":13},"end":{"line":37,"column":27}},{"start":{"line":37,"column":31},"end":{"line":37,"column":38}}]}},"s":{"0":1,"1":1,"2":12,"3":12,"4":12,"5":12,"6":12,"7":12,"8":12,"9":9,"10":9,"11":9,"12":8,"13":8,"14":1,"15":1,"16":1,"17":1,"18":0,"19":3,"20":2,"21":2,"22":12,"23":12,"24":1,"25":1},"f":{"0":12},"b":{"0":[9,3],"1":[8,1],"2":[1,0],"3":[1,0],"4":[1,0,0],"5":[2,1],"6":[2,0]}}
,"C:\\Users\\bjeli\\Documents\\Kinetix-Backend\\src\\common\\guards\\jwt-auth.guard.ts": {"path":"C:\\Users\\bjeli\\Documents\\Kinetix-Backend\\src\\common\\guards\\jwt-auth.guard.ts","statementMap":{"0":{"start":{"line":1,"column":0},"end":{"line":1,"column":44}},"1":{"start":{"line":2,"column":0},"end":{"line":2,"column":45}},"2":{"start":{"line":5,"column":7},"end":{"line":5,"column":null}},"3":{"start":{"line":5,"column":13},"end":{"line":5,"column":25}},"4":{"start":{"line":5,"column":13},"end":{"line":5,"column":null}}},"fnMap":{},"branchMap":{},"s":{"0":10,"1":10,"2":10,"3":10,"4":10},"f":{},"b":{}}
,"C:\\Users\\bjeli\\Documents\\Kinetix-Backend\\src\\common\\guards\\roles.guard.ts": {"path":"C:\\Users\\bjeli\\Documents\\Kinetix-Backend\\src\\common\\guards\\roles.guard.ts","statementMap":{"0":{"start":{"line":1,"column":0},"end":{"line":1,"column":75}},"1":{"start":{"line":2,"column":0},"end":{"line":2,"column":41}},"2":{"start":{"line":3,"column":0},"end":{"line":3,"column":58}},"3":{"start":{"line":6,"column":7},"end":{"line":24,"column":null}},"4":{"start":{"line":7,"column":22},"end":{"line":7,"column":33}},"5":{"start":{"line":10,"column":26},"end":{"line":13,"column":6}},"6":{"start":{"line":15,"column":4},"end":{"line":17,"column":5}},"7":{"start":{"line":16,"column":6},"end":{"line":16,"column":18}},"8":{"start":{"line":19,"column":20},"end":{"line":19,"column":55}},"9":{"start":{"line":20,"column":17},"end":{"line":20,"column":29}},"10":{"start":{"line":22,"column":4},"end":{"line":22,"column":61}},"11":{"start":{"line":22,"column":40},"end":{"line":22,"column":59}},"12":{"start":{"line":6,"column":13},"end":{"line":6,"column":23}},"13":{"start":{"line":6,"column":13},"end":{"line":24,"column":null}}},"fnMap":{"0":{"name":"(anonymous_2)","decl":{"start":{"line":7,"column":2},"end":{"line":7,"column":22}},"loc":{"start":{"line":7,"column":42},"end":{"line":7,"column":46}}},"1":{"name":"(anonymous_3)","decl":{"start":{"line":9,"column":2},"end":{"line":9,"column":13}},"loc":{"start":{"line":9,"column":39},"end":{"line":23,"column":3}}},"2":{"name":"(anonymous_4)","decl":{"start":{"line":22,"column":30},"end":{"line":22,"column":31}},"loc":{"start":{"line":22,"column":40},"end":{"line":22,"column":59}}}},"branchMap":{"0":{"loc":{"start":{"line":15,"column":4},"end":{"line":17,"column":5}},"type":"if","locations":[{"start":{"line":15,"column":4},"end":{"line":17,"column":5}},{"start":{},"end":{}}]},"1":{"loc":{"start":{"line":7,"column":33},"end":{"line":7,"column":45}},"type":"cond-expr","locations":[{"start":{"line":7,"column":42},"end":{"line":7,"column":45}},{"start":{"line":7,"column":42},"end":{"line":7,"column":45}}]},"2":{"loc":{"start":{"line":7,"column":33},"end":{"line":7,"column":42}},"type":"binary-expr","locations":[{"start":{"line":7,"column":33},"end":{"line":7,"column":45}},{"start":{"line":7,"column":33},"end":{"line":7,"column":42}}]}},"s":{"0":9,"1":9,"2":9,"3":9,"4":68,"5":6,"6":6,"7":1,"8":5,"9":5,"10":5,"11":6,"12":9,"13":9},"f":{"0":68,"1":6,"2":6},"b":{"0":[1,5],"1":[9,0],"2":[9,9]}}
,"C:\\Users\\bjeli\\Documents\\Kinetix-Backend\\src\\common\\guards\\saas-killswitch.guard.ts": {"path":"C:\\Users\\bjeli\\Documents\\Kinetix-Backend\\src\\common\\guards\\saas-killswitch.guard.ts","statementMap":{"0":{"start":{"line":1,"column":0},"end":{"line":1,"column":null}},"1":{"start":{"line":9,"column":0},"end":{"line":9,"column":63}},"2":{"start":{"line":10,"column":0},"end":{"line":10,"column":66}},"3":{"start":{"line":11,"column":0},"end":{"line":11,"column":71}},"4":{"start":{"line":14,"column":7},"end":{"line":94,"column":null}},"5":{"start":{"line":16,"column":12},"end":{"line":16,"column":28}},"6":{"start":{"line":17,"column":12},"end":{"line":17,"column":29}},"7":{"start":{"line":21,"column":20},"end":{"line":21,"column":55}},"8":{"start":{"line":22,"column":17},"end":{"line":22,"column":29}},"9":{"start":{"line":25,"column":4},"end":{"line":27,"column":5}},"10":{"start":{"line":26,"column":6},"end":{"line":26,"column":18}},"11":{"start":{"line":29,"column":4},"end":{"line":92,"column":5}},"12":{"start":{"line":31,"column":21},"end":{"line":31,"column":67}},"13":{"start":{"line":32,"column":6},"end":{"line":34,"column":7}},"14":{"start":{"line":33,"column":8},"end":{"line":33,"column":68}},"15":{"start":{"line":39,"column":6},"end":{"line":48,"column":7}},"16":{"start":{"line":41,"column":8},"end":{"line":41,"column":61}},"17":{"start":{"line":42,"column":13},"end":{"line":48,"column":7}},"18":{"start":{"line":44,"column":8},"end":{"line":44,"column":57}},"19":{"start":{"line":47,"column":8},"end":{"line":47,"column":45}},"20":{"start":{"line":49,"column":22},"end":{"line":49,"column":74}},"21":{"start":{"line":50,"column":6},"end":{"line":52,"column":7}},"22":{"start":{"line":51,"column":8},"end":{"line":51,"column":69}},"23":{"start":{"line":55,"column":6},"end":{"line":59,"column":7}},"24":{"start":{"line":56,"column":8},"end":{"line":58,"column":10}},"25":{"start":{"line":62,"column":6},"end":{"line":77,"column":7}},"26":{"start":{"line":64,"column":8},"end":{"line":69,"column":10}},"27":{"start":{"line":70,"column":8},"end":{"line":72,"column":18}},"28":{"start":{"line":74,"column":8},"end":{"line":76,"column":10}},"29":{"start":{"line":79,"column":6},"end":{"line":79,"column":18}},"30":{"start":{"line":82,"column":6},"end":{"line":84,"column":7}},"31":{"start":{"line":83,"column":8},"end":{"line":83,"column":20}},"32":{"start":{"line":86,"column":6},"end":{"line":88,"column":7}},"33":{"start":{"line":87,"column":8},"end":{"line":87,"column":79}},"34":{"start":{"line":90,"column":6},"end":{"line":90,"column":59}},"35":{"start":{"line":91,"column":6},"end":{"line":91,"column":78}},"36":{"start":{"line":14,"column":13},"end":{"line":14,"column":32}},"37":{"start":{"line":14,"column":13},"end":{"line":94,"column":null}}},"fnMap":{"0":{"name":"(anonymous_2)","decl":{"start":{"line":15,"column":2},"end":{"line":15,"column":null}},"loc":{"start":{"line":17,"column":44},"end":{"line":18,"column":6}}},"1":{"name":"(anonymous_3)","decl":{"start":{"line":20,"column":2},"end":{"line":20,"column":7}},"loc":{"start":{"line":20,"column":45},"end":{"line":93,"column":3}}}},"branchMap":{"0":{"loc":{"start":{"line":25,"column":4},"end":{"line":27,"column":5}},"type":"if","locations":[{"start":{"line":25,"column":4},"end":{"line":27,"column":5}},{"start":{},"end":{}}]},"1":{"loc":{"start":{"line":25,"column":8},"end":{"line":25,"column":39}},"type":"binary-expr","locations":[{"start":{"line":25,"column":8},"end":{"line":25,"column":13}},{"start":{"line":25,"column":17},"end":{"line":25,"column":39}}]},"2":{"loc":{"start":{"line":32,"column":6},"end":{"line":34,"column":7}},"type":"if","locations":[{"start":{"line":32,"column":6},"end":{"line":34,"column":7}},{"start":{},"end":{}}]},"3":{"loc":{"start":{"line":39,"column":6},"end":{"line":48,"column":7}},"type":"if","locations":[{"start":{"line":39,"column":6},"end":{"line":48,"column":7}},{"start":{"line":42,"column":13},"end":{"line":48,"column":7}}]},"4":{"loc":{"start":{"line":39,"column":10},"end":{"line":39,"column":99}},"type":"binary-expr","locations":[{"start":{"line":39,"column":10},"end":{"line":39,"column":26}},{"start":{"line":39,"column":30},"end":{"line":39,"column":66}},{"start":{"line":39,"column":71},"end":{"line":39,"column":99}}]},"5":{"loc":{"start":{"line":42,"column":13},"end":{"line":48,"column":7}},"type":"if","locations":[{"start":{"line":42,"column":13},"end":{"line":48,"column":7}},{"start":{"line":45,"column":13},"end":{"line":48,"column":7}}]},"6":{"loc":{"start":{"line":42,"column":17},"end":{"line":42,"column":73}},"type":"binary-expr","locations":[{"start":{"line":42,"column":17},"end":{"line":42,"column":33}},{"start":{"line":42,"column":37},"end":{"line":42,"column":73}}]},"7":{"loc":{"start":{"line":50,"column":6},"end":{"line":52,"column":7}},"type":"if","locations":[{"start":{"line":50,"column":6},"end":{"line":52,"column":7}},{"start":{},"end":{}}]},"8":{"loc":{"start":{"line":55,"column":6},"end":{"line":59,"column":7}},"type":"if","locations":[{"start":{"line":55,"column":6},"end":{"line":59,"column":7}},{"start":{},"end":{}}]},"9":{"loc":{"start":{"line":55,"column":10},"end":{"line":55,"column":87}},"type":"binary-expr","locations":[{"start":{"line":55,"column":10},"end":{"line":55,"column":27}},{"start":{"line":55,"column":31},"end":{"line":55,"column":87}}]},"10":{"loc":{"start":{"line":62,"column":6},"end":{"line":77,"column":7}},"type":"if","locations":[{"start":{"line":62,"column":6},"end":{"line":77,"column":7}},{"start":{},"end":{}}]},"11":{"loc":{"start":{"line":82,"column":6},"end":{"line":84,"column":7}},"type":"if","locations":[{"start":{"line":82,"column":6},"end":{"line":84,"column":7}},{"start":{},"end":{}}]},"12":{"loc":{"start":{"line":82,"column":10},"end":{"line":82,"column":87}},"type":"binary-expr","locations":[{"start":{"line":82,"column":10},"end":{"line":82,"column":45}},{"start":{"line":82,"column":49},"end":{"line":82,"column":87}}]},"13":{"loc":{"start":{"line":86,"column":6},"end":{"line":88,"column":7}},"type":"if","locations":[{"start":{"line":86,"column":6},"end":{"line":88,"column":7}},{"start":{},"end":{}}]},"14":{"loc":{"start":{"line":16,"column":28},"end":{"line":16,"column":null}},"type":"cond-expr","locations":[{"start":{"line":16,"column":42},"end":{"line":16,"column":null}},{"start":{"line":16,"column":42},"end":{"line":16,"column":null}}]},"15":{"loc":{"start":{"line":16,"column":28},"end":{"line":16,"column":42}},"type":"binary-expr","locations":[{"start":{"line":16,"column":28},"end":{"line":16,"column":null}},{"start":{"line":16,"column":28},"end":{"line":16,"column":42}}]},"16":{"loc":{"start":{"line":16,"column":42},"end":{"line":17,"column":null}},"type":"cond-expr","locations":[{"start":{"line":17,"column":44},"end":{"line":17,"column":null}},{"start":{"line":17,"column":44},"end":{"line":17,"column":null}}]},"17":{"loc":{"start":{"line":16,"column":42},"end":{"line":17,"column":44}},"type":"binary-expr","locations":[{"start":{"line":16,"column":42},"end":{"line":17,"column":null}},{"start":{"line":17,"column":29},"end":{"line":17,"column":44}}]}},"s":{"0":7,"1":7,"2":7,"3":7,"4":7,"5":47,"6":47,"7":8,"8":8,"9":8,"10":2,"11":6,"12":6,"13":5,"14":0,"15":5,"16":5,"17":0,"18":0,"19":0,"20":5,"21":5,"22":1,"23":4,"24":2,"25":2,"26":1,"27":1,"28":1,"29":1,"30":5,"31":5,"32":0,"33":0,"34":0,"35":0,"36":7,"37":7},"f":{"0":47,"1":8},"b":{"0":[2,6],"1":[8,7],"2":[0,5],"3":[5,0],"4":[5,5,5],"5":[0,0],"6":[0,0],"7":[1,4],"8":[2,2],"9":[4,3],"10":[1,1],"11":[5,0],"12":[5,2],"13":[0,0],"14":[7,0],"15":[7,7],"16":[7,0],"17":[7,7]}}
,"C:\\Users\\bjeli\\Documents\\Kinetix-Backend\\src\\common\\interceptors\\transform.interceptor.ts": {"path":"C:\\Users\\bjeli\\Documents\\Kinetix-Backend\\src\\common\\interceptors\\transform.interceptor.ts","statementMap":{"0":{"start":{"line":1,"column":0},"end":{"line":1,"column":null}},"1":{"start":{"line":8,"column":0},"end":{"line":8,"column":37}},"2":{"start":{"line":18,"column":7},"end":{"line":33,"column":null}},"3":{"start":{"line":25,"column":4},"end":{"line":31,"column":6}},"4":{"start":{"line":26,"column":21},"end":{"line":30,"column":8}},"5":{"start":{"line":18,"column":13},"end":{"line":18,"column":33}},"6":{"start":{"line":18,"column":13},"end":{"line":33,"column":null}}},"fnMap":{"0":{"name":"(anonymous_1)","decl":{"start":{"line":21,"column":2},"end":{"line":21,"column":11}},"loc":{"start":{"line":23,"column":21},"end":{"line":32,"column":3}}},"1":{"name":"(anonymous_2)","decl":{"start":{"line":26,"column":10},"end":{"line":26,"column":11}},"loc":{"start":{"line":26,"column":21},"end":{"line":30,"column":8}}}},"branchMap":{},"s":{"0":1,"1":1,"2":1,"3":5,"4":5,"5":1,"6":1},"f":{"0":5,"1":5},"b":{}}
,"C:\\Users\\bjeli\\Documents\\Kinetix-Backend\\src\\gamification\\gamification.controller.ts": {"path":"C:\\Users\\bjeli\\Documents\\Kinetix-Backend\\src\\gamification\\gamification.controller.ts","statementMap":{"0":{"start":{"line":1,"column":0},"end":{"line":1,"column":73}},"1":{"start":{"line":2,"column":0},"end":{"line":2,"column":61}},"2":{"start":{"line":3,"column":0},"end":{"line":3,"column":63}},"3":{"start":{"line":4,"column":0},"end":{"line":4,"column":58}},"4":{"start":{"line":5,"column":0},"end":{"line":5,"column":77}},"5":{"start":{"line":6,"column":0},"end":{"line":6,"column":61}},"6":{"start":{"line":7,"column":0},"end":{"line":7,"column":74}},"7":{"start":{"line":8,"column":0},"end":{"line":8,"column":58}},"8":{"start":{"line":13,"column":7},"end":{"line":45,"column":null}},"9":{"start":{"line":14,"column":31},"end":{"line":14,"column":52}},"10":{"start":{"line":20,"column":4},"end":{"line":20,"column":63}},"11":{"start":{"line":27,"column":4},"end":{"line":27,"column":64}},"12":{"start":{"line":33,"column":4},"end":{"line":33,"column":61}},"13":{"start":{"line":42,"column":4},"end":{"line":42,"column":68}},"14":{"start":{"line":43,"column":4},"end":{"line":43,"column":53}},"15":{"start":{"line":13,"column":13},"end":{"line":13,"column":35}},"16":{"start":{"line":19,"column":8},"end":{"line":21,"column":null}},"17":{"start":{"line":26,"column":8},"end":{"line":28,"column":null}},"18":{"start":{"line":32,"column":8},"end":{"line":34,"column":null}},"19":{"start":{"line":38,"column":8},"end":{"line":44,"column":null}},"20":{"start":{"line":13,"column":13},"end":{"line":45,"column":null}}},"fnMap":{"0":{"name":"(anonymous_4)","decl":{"start":{"line":14,"column":2},"end":{"line":14,"column":31}},"loc":{"start":{"line":14,"column":71},"end":{"line":14,"column":75}}},"1":{"name":"(anonymous_5)","decl":{"start":{"line":19,"column":8},"end":{"line":19,"column":24}},"loc":{"start":{"line":19,"column":56},"end":{"line":21,"column":3}}},"2":{"name":"(anonymous_6)","decl":{"start":{"line":26,"column":8},"end":{"line":26,"column":25}},"loc":{"start":{"line":26,"column":57},"end":{"line":28,"column":3}}},"3":{"name":"(anonymous_7)","decl":{"start":{"line":32,"column":8},"end":{"line":32,"column":22}},"loc":{"start":{"line":32,"column":54},"end":{"line":34,"column":3}}},"4":{"name":"(anonymous_8)","decl":{"start":{"line":38,"column":8},"end":{"line":38,"column":20}},"loc":{"start":{"line":40,"column":35},"end":{"line":44,"column":3}}}},"branchMap":{"0":{"loc":{"start":{"line":14,"column":52},"end":{"line":14,"column":74}},"type":"cond-expr","locations":[{"start":{"line":14,"column":71},"end":{"line":14,"column":74}},{"start":{"line":14,"column":71},"end":{"line":14,"column":74}}]},"1":{"loc":{"start":{"line":14,"column":52},"end":{"line":14,"column":71}},"type":"binary-expr","locations":[{"start":{"line":14,"column":52},"end":{"line":14,"column":74}},{"start":{"line":14,"column":52},"end":{"line":14,"column":71}}]}},"s":{"0":1,"1":1,"2":1,"3":1,"4":1,"5":1,"6":1,"7":1,"8":1,"9":6,"10":2,"11":1,"12":1,"13":2,"14":1,"15":1,"16":1,"17":1,"18":1,"19":1,"20":1},"f":{"0":6,"1":2,"2":1,"3":1,"4":2},"b":{"0":[1,0],"1":[1,1]}}
,"C:\\Users\\bjeli\\Documents\\Kinetix-Backend\\src\\gamification\\gamification.service.ts": {"path":"C:\\Users\\bjeli\\Documents\\Kinetix-Backend\\src\\gamification\\gamification.service.ts","statementMap":{"0":{"start":{"line":1,"column":0},"end":{"line":1,"column":83}},"1":{"start":{"line":2,"column":0},"end":{"line":2,"column":47}},"2":{"start":{"line":3,"column":0},"end":{"line":3,"column":40}},"3":{"start":{"line":4,"column":0},"end":{"line":4,"column":87}},"4":{"start":{"line":5,"column":0},"end":{"line":5,"column":96}},"5":{"start":{"line":6,"column":0},"end":{"line":6,"column":60}},"6":{"start":{"line":7,"column":0},"end":{"line":7,"column":63}},"7":{"start":{"line":11,"column":7},"end":{"line":108,"column":null}},"8":{"start":{"line":13,"column":45},"end":{"line":13,"column":65}},"9":{"start":{"line":14,"column":45},"end":{"line":14,"column":65}},"10":{"start":{"line":15,"column":12},"end":{"line":15,"column":28}},"11":{"start":{"line":17,"column":12},"end":{"line":17,"column":29}},"12":{"start":{"line":21,"column":26},"end":{"line":21,"column":72}},"13":{"start":{"line":22,"column":4},"end":{"line":24,"column":5}},"14":{"start":{"line":23,"column":6},"end":{"line":23,"column":63}},"15":{"start":{"line":26,"column":28},"end":{"line":30,"column":13}},"16":{"start":{"line":32,"column":4},"end":{"line":43,"column":6}},"17":{"start":{"line":37,"column":51},"end":{"line":42,"column":8}},"18":{"start":{"line":47,"column":26},"end":{"line":47,"column":72}},"19":{"start":{"line":48,"column":4},"end":{"line":50,"column":5}},"20":{"start":{"line":49,"column":6},"end":{"line":49,"column":63}},"21":{"start":{"line":52,"column":4},"end":{"line":55,"column":14}},"22":{"start":{"line":60,"column":26},"end":{"line":60,"column":81}},"23":{"start":{"line":61,"column":4},"end":{"line":63,"column":5}},"24":{"start":{"line":62,"column":6},"end":{"line":62,"column":63}},"25":{"start":{"line":66,"column":27},"end":{"line":66,"column":79}},"26":{"start":{"line":67,"column":30},"end":{"line":67,"column":67}},"27":{"start":{"line":70,"column":4},"end":{"line":72,"column":5}},"28":{"start":{"line":71,"column":6},"end":{"line":71,"column":73}},"29":{"start":{"line":74,"column":5},"end":{"line":74,"column":49}},"30":{"start":{"line":75,"column":5},"end":{"line":75,"column":57}},"31":{"start":{"line":76,"column":4},"end":{"line":76,"column":58}},"32":{"start":{"line":81,"column":27},"end":{"line":81,"column":79}},"33":{"start":{"line":82,"column":30},"end":{"line":82,"column":56}},"34":{"start":{"line":85,"column":20},"end":{"line":87,"column":13}},"35":{"start":{"line":90,"column":21},"end":{"line":96,"column":7}},"36":{"start":{"line":90,"column":46},"end":{"line":96,"column":6}},"37":{"start":{"line":99,"column":4},"end":{"line":104,"column":7}},"38":{"start":{"line":100,"column":6},"end":{"line":102,"column":7}},"39":{"start":{"line":101,"column":8},"end":{"line":101,"column":49}},"40":{"start":{"line":103,"column":6},"end":{"line":103,"column":65}},"41":{"start":{"line":106,"column":4},"end":{"line":106,"column":20}},"42":{"start":{"line":11,"column":13},"end":{"line":11,"column":32}},"43":{"start":{"line":11,"column":13},"end":{"line":108,"column":null}},"44":{"start":{"line":16,"column":29},"end":{"line":16,"column":44}}},"fnMap":{"0":{"name":"(anonymous_4)","decl":{"start":{"line":12,"column":2},"end":{"line":12,"column":null}},"loc":{"start":{"line":17,"column":44},"end":{"line":18,"column":6}}},"1":{"name":"(anonymous_5)","decl":{"start":{"line":20,"column":2},"end":{"line":20,"column":7}},"loc":{"start":{"line":20,"column":41},"end":{"line":44,"column":3}}},"2":{"name":"(anonymous_6)","decl":{"start":{"line":37,"column":43},"end":{"line":37,"column":44}},"loc":{"start":{"line":37,"column":51},"end":{"line":42,"column":8}}},"3":{"name":"(anonymous_7)","decl":{"start":{"line":46,"column":2},"end":{"line":46,"column":7}},"loc":{"start":{"line":46,"column":42},"end":{"line":56,"column":3}}},"4":{"name":"(anonymous_8)","decl":{"start":{"line":58,"column":2},"end":{"line":58,"column":7}},"loc":{"start":{"line":58,"column":60},"end":{"line":77,"column":3}}},"5":{"name":"(anonymous_9)","decl":{"start":{"line":79,"column":2},"end":{"line":79,"column":7}},"loc":{"start":{"line":79,"column":44},"end":{"line":107,"column":3}}},"6":{"name":"(anonymous_10)","decl":{"start":{"line":90,"column":33},"end":{"line":90,"column":34}},"loc":{"start":{"line":90,"column":46},"end":{"line":96,"column":6}}},"7":{"name":"(anonymous_11)","decl":{"start":{"line":99,"column":18},"end":{"line":99,"column":19}},"loc":{"start":{"line":99,"column":27},"end":{"line":104,"column":5}}},"8":{"name":"(anonymous_12)","decl":{"start":{"line":16,"column":23},"end":{"line":16,"column":26}},"loc":{"start":{"line":16,"column":29},"end":{"line":16,"column":44}}}},"branchMap":{"0":{"loc":{"start":{"line":22,"column":4},"end":{"line":24,"column":5}},"type":"if","locations":[{"start":{"line":22,"column":4},"end":{"line":24,"column":5}},{"start":{},"end":{}}]},"1":{"loc":{"start":{"line":27,"column":25},"end":{"line":27,"column":74}},"type":"binary-expr","locations":[{"start":{"line":27,"column":25},"end":{"line":27,"column":50}},{"start":{"line":27,"column":54},"end":{"line":27,"column":74}}]},"2":{"loc":{"start":{"line":48,"column":4},"end":{"line":50,"column":5}},"type":"if","locations":[{"start":{"line":48,"column":4},"end":{"line":50,"column":5}},{"start":{},"end":{}}]},"3":{"loc":{"start":{"line":53,"column":25},"end":{"line":53,"column":74}},"type":"binary-expr","locations":[{"start":{"line":53,"column":25},"end":{"line":53,"column":50}},{"start":{"line":53,"column":54},"end":{"line":53,"column":74}}]},"4":{"loc":{"start":{"line":61,"column":4},"end":{"line":63,"column":5}},"type":"if","locations":[{"start":{"line":61,"column":4},"end":{"line":63,"column":5}},{"start":{},"end":{}}]},"5":{"loc":{"start":{"line":70,"column":4},"end":{"line":72,"column":5}},"type":"if","locations":[{"start":{"line":70,"column":4},"end":{"line":72,"column":5}},{"start":{},"end":{}}]},"6":{"loc":{"start":{"line":100,"column":6},"end":{"line":102,"column":7}},"type":"if","locations":[{"start":{"line":100,"column":6},"end":{"line":102,"column":7}},{"start":{},"end":{}}]},"7":{"loc":{"start":{"line":13,"column":65},"end":{"line":13,"column":93}},"type":"cond-expr","locations":[{"start":{"line":13,"column":70},"end":{"line":13,"column":93}},{"start":{"line":13,"column":70},"end":{"line":13,"column":93}}]},"8":{"loc":{"start":{"line":13,"column":65},"end":{"line":13,"column":70}},"type":"binary-expr","locations":[{"start":{"line":13,"column":65},"end":{"line":13,"column":93}},{"start":{"line":13,"column":65},"end":{"line":13,"column":70}}]},"9":{"loc":{"start":{"line":13,"column":70},"end":{"line":14,"column":93}},"type":"cond-expr","locations":[{"start":{"line":14,"column":70},"end":{"line":14,"column":93}},{"start":{"line":14,"column":70},"end":{"line":14,"column":93}}]},"10":{"loc":{"start":{"line":13,"column":70},"end":{"line":14,"column":70}},"type":"binary-expr","locations":[{"start":{"line":13,"column":70},"end":{"line":14,"column":93}},{"start":{"line":14,"column":65},"end":{"line":14,"column":70}}]},"11":{"loc":{"start":{"line":14,"column":70},"end":{"line":15,"column":null}},"type":"cond-expr","locations":[{"start":{"line":15,"column":42},"end":{"line":15,"column":null}},{"start":{"line":15,"column":42},"end":{"line":15,"column":null}}]},"12":{"loc":{"start":{"line":14,"column":70},"end":{"line":15,"column":42}},"type":"binary-expr","locations":[{"start":{"line":14,"column":70},"end":{"line":15,"column":null}},{"start":{"line":15,"column":28},"end":{"line":15,"column":42}}]},"13":{"loc":{"start":{"line":15,"column":42},"end":{"line":17,"column":null}},"type":"cond-expr","locations":[{"start":{"line":17,"column":44},"end":{"line":17,"column":null}},{"start":{"line":17,"column":44},"end":{"line":17,"column":null}}]},"14":{"loc":{"start":{"line":15,"column":42},"end":{"line":17,"column":44}},"type":"binary-expr","locations":[{"start":{"line":15,"column":42},"end":{"line":17,"column":null}},{"start":{"line":17,"column":29},"end":{"line":17,"column":44}}]}},"s":{"0":2,"1":2,"2":2,"3":2,"4":2,"5":2,"6":2,"7":2,"8":11,"9":11,"10":11,"11":11,"12":3,"13":3,"14":1,"15":2,"16":2,"17":1,"18":2,"19":2,"20":1,"21":1,"22":3,"23":3,"24":1,"25":2,"26":2,"27":2,"28":1,"29":1,"30":1,"31":1,"32":2,"33":2,"34":2,"35":2,"36":3,"37":2,"38":4,"39":3,"40":1,"41":2,"42":2,"43":2,"44":11},"f":{"0":11,"1":3,"2":1,"3":2,"4":3,"5":2,"6":3,"7":4,"8":11},"b":{"0":[1,2],"1":[2,0],"2":[1,1],"3":[1,0],"4":[1,2],"5":[1,1],"6":[3,1],"7":[2,0],"8":[2,2],"9":[2,0],"10":[2,2],"11":[2,0],"12":[2,2],"13":[2,0],"14":[2,2]}}
,"C:\\Users\\bjeli\\Documents\\Kinetix-Backend\\src\\media\\media.controller.ts": {"path":"C:\\Users\\bjeli\\Documents\\Kinetix-Backend\\src\\media\\media.controller.ts","statementMap":{"0":{"start":{"line":1,"column":0},"end":{"line":1,"column":60}},"1":{"start":{"line":2,"column":0},"end":{"line":2,"column":84}},"2":{"start":{"line":3,"column":0},"end":{"line":3,"column":47}},"3":{"start":{"line":4,"column":0},"end":{"line":4,"column":63}},"4":{"start":{"line":5,"column":0},"end":{"line":5,"column":58}},"5":{"start":{"line":6,"column":0},"end":{"line":6,"column":77}},"6":{"start":{"line":7,"column":0},"end":{"line":7,"column":61}},"7":{"start":{"line":8,"column":0},"end":{"line":8,"column":74}},"8":{"start":{"line":9,"column":0},"end":{"line":9,"column":58}},"9":{"start":{"line":16,"column":7},"end":{"line":28,"column":null}},"10":{"start":{"line":17,"column":22},"end":{"line":17,"column":36}},"11":{"start":{"line":26,"column":4},"end":{"line":26,"column":58}},"12":{"start":{"line":16,"column":13},"end":{"line":16,"column":28}},"13":{"start":{"line":25,"column":8},"end":{"line":27,"column":null}},"14":{"start":{"line":16,"column":13},"end":{"line":28,"column":null}}},"fnMap":{"0":{"name":"(anonymous_4)","decl":{"start":{"line":17,"column":2},"end":{"line":17,"column":22}},"loc":{"start":{"line":17,"column":48},"end":{"line":17,"column":52}}},"1":{"name":"(anonymous_5)","decl":{"start":{"line":25,"column":8},"end":{"line":25,"column":26}},"loc":{"start":{"line":25,"column":58},"end":{"line":27,"column":3}}}},"branchMap":{"0":{"loc":{"start":{"line":17,"column":36},"end":{"line":17,"column":51}},"type":"cond-expr","locations":[{"start":{"line":17,"column":48},"end":{"line":17,"column":51}},{"start":{"line":17,"column":48},"end":{"line":17,"column":51}}]},"1":{"loc":{"start":{"line":17,"column":36},"end":{"line":17,"column":48}},"type":"binary-expr","locations":[{"start":{"line":17,"column":36},"end":{"line":17,"column":51}},{"start":{"line":17,"column":36},"end":{"line":17,"column":48}}]}},"s":{"0":1,"1":1,"2":1,"3":1,"4":1,"5":1,"6":1,"7":1,"8":1,"9":1,"10":1,"11":1,"12":1,"13":1,"14":1},"f":{"0":1,"1":1},"b":{"0":[1,0],"1":[1,1]}}
[...]
,"end":{"line":75,"column":41}},"38":{"start":{"line":77,"column":31},"end":{"line":77,"column":52}},"39":{"start":{"line":78,"column":8},"end":{"line":78,"column":49}},"40":{"start":{"line":82,"column":28},"end":{"line":88,"column":17}},"41":{"start":{"line":90,"column":8},"end":{"line":93,"column":9}},"42":{"start":{"line":92,"column":10},"end":{"line":92,"column":19}},"43":{"start":{"line":95,"column":26},"end":{"line":95,"column":79}},"44":{"start":{"line":98,"column":28},"end":{"line":98,"column":92}},"45":{"start":{"line":98,"column":58},"end":{"line":98,"column":83}},"46":{"start":{"line":101,"column":40},"end":{"line":101,"column":42}},"47":{"start":{"line":102,"column":8},"end":{"line":110,"column":9}},"48":{"start":{"line":103,"column":10},"end":{"line":109,"column":14}},"49":{"start":{"line":103,"column":71},"end":{"line":109,"column":12}},"50":{"start":{"line":112,"column":20},"end":{"line":122,"column":10}},"51":{"start":{"line":124,"column":8},"end":{"line":124,"column":23}},"52":{"start":{"line":128,"column":6},"end":{"line":155,"column":7}},"53":{"start":{"line":129,"column":8},"end":{"line":154,"column":9}},"54":{"start":{"line":130,"column":10},"end":{"line":130,"column":81}},"55":{"start":{"line":134,"column":10},"end":{"line":151,"column":11}},"56":{"start":{"line":136,"column":12},"end":{"line":148,"column":13}},"57":{"start":{"line":138,"column":34},"end":{"line":138,"column":110}},"58":{"start":{"line":139,"column":14},"end":{"line":147,"column":15}},"59":{"start":{"line":141,"column":34},"end":{"line":142,"column":null}},"60":{"start":{"line":142,"column":18},"end":{"line":142,"column":76}},"61":{"start":{"line":144,"column":16},"end":{"line":146,"column":26}},"62":{"start":{"line":150,"column":12},"end":{"line":150,"column":22}},"63":{"start":{"line":153,"column":10},"end":{"line":153,"column":22}},"64":{"start":{"line":156,"column":6},"end":{"line":156,"column":16}},"65":{"start":{"line":158,"column":6},"end":{"line":158,"column":59}},"66":{"start":{"line":159,"column":6},"end":{"line":159,"column":18}},"67":{"start":{"line":165,"column":19},"end":{"line":165,"column":63}},"68":{"start":{"line":166,"column":29},"end":{"line":166,"column":47}},"69":{"start":{"line":168,"column":24},"end":{"line":168,"column":49}},"70":{"start":{"line":171,"column":24},"end":{"line":174,"column":13}},"71":{"start":{"line":176,"column":4},"end":{"line":187,"column":5}},"72":{"start":{"line":178,"column":6},"end":{"line":178,"column":68}},"73":{"start":{"line":179,"column":6},"end":{"line":179,"column":56}},"74":{"start":{"line":180,"column":6},"end":{"line":182,"column":21}},"75":{"start":{"line":183,"column":6},"end":{"line":183,"column":58}},"76":{"start":{"line":184,"column":6},"end":{"line":184,"column":48}},"77":{"start":{"line":186,"column":6},"end":{"line":186,"column":32}},"78":{"start":{"line":191,"column":22},"end":{"line":191,"column":38}},"79":{"start":{"line":192,"column":29},"end":{"line":194,"column":28}},"80":{"start":{"line":196,"column":16},"end":{"line":207,"column":6}},"81":{"start":{"line":209,"column":4},"end":{"line":209,"column":22}},"82":{"start":{"line":216,"column":28},"end":{"line":216,"column":30}},"83":{"start":{"line":218,"column":4},"end":{"line":220,"column":5}},"84":{"start":{"line":219,"column":6},"end":{"line":219,"column":61}},"85":{"start":{"line":222,"column":4},"end":{"line":224,"column":5}},"86":{"start":{"line":223,"column":6},"end":{"line":223,"column":47}},"87":{"start":{"line":226,"column":4},"end":{"line":228,"column":5}},"88":{"start":{"line":227,"column":6},"end":{"line":227,"column":57}},"89":{"start":{"line":230,"column":4},"end":{"line":232,"column":5}},"90":{"start":{"line":231,"column":6},"end":{"line":231,"column":57}},"91":{"start":{"line":234,"column":4},"end":{"line":236,"column":5}},"92":{"start":{"line":235,"column":6},"end":{"line":235,"column":47}},"93":{"start":{"line":238,"column":16},"end":{"line":240,"column":13}},"94":{"start":{"line":242,"column":4},"end":{"line":244,"column":5}},"95":{"start":{"line":243,"column":6},"end":{"line":243,"column":59}},"96":{"start":{"line":246,"column":4},"end":{"line":246,"column":15}},"97":{"start":{"line":251,"column":19},"end":{"line":251,"column":63}},"98":{"start":{"line":252,"column":29},"end":{"line":252,"column":47}},"99":{"start":{"line":254,"column":18},"end":{"line":254,"column":28}},"100":{"start":{"line":255,"column":4},"end":{"line":255,"column":31}},"101":{"start":{"line":257,"column":4},"end":{"line":268,"column":14}},"102":{"start":{"line":272,"column":16},"end":{"line":275,"column":13}},"103":{"start":{"line":277,"column":4},"end":{"line":279,"column":5}},"104":{"start":{"line":278,"column":6},"end":{"line":278,"column":59}},"105":{"start":{"line":281,"column":4},"end":{"line":281,"column":15}},"106":{"start":{"line":289,"column":19},"end":{"line":289,"column":63}},"107":{"start":{"line":290,"column":29},"end":{"line":290,"column":47}},"108":{"start":{"line":292,"column":22},"end":{"line":292,"column":36}},"109":{"start":{"line":293,"column":4},"end":{"line":293,"column":68}},"110":{"start":{"line":294,"column":4},"end":{"line":294,"column":35}},"111":{"start":{"line":296,"column":20},"end":{"line":296,"column":39}},"112":{"start":{"line":297,"column":4},"end":{"line":297,"column":43}},"113":{"start":{"line":299,"column":4},"end":{"line":311,"column":14}},"114":{"start":{"line":315,"column":4},"end":{"line":324,"column":14}},"115":{"start":{"line":328,"column":18},"end":{"line":328,"column":28}},"116":{"start":{"line":329,"column":4},"end":{"line":329,"column":31}},"117":{"start":{"line":331,"column":19},"end":{"line":340,"column":12}},"118":{"start":{"line":342,"column":4},"end":{"line":342,"column":32}},"119":{"start":{"line":12,"column":13},"end":{"line":12,"column":28}},"120":{"start":{"line":12,"column":13},"end":{"line":344,"column":null}},"121":{"start":{"line":16,"column":29},"end":{"line":16,"column":43}}},"fnMap":{"0":{"name":"(anonymous_4)","decl":{"start":{"line":13,"column":2},"end":{"line":13,"column":null}},"loc":{"start":{"line":17,"column":42},"end":{"line":18,"column":6}}},"1":{"name":"(anonymous_5)","decl":{"start":{"line":20,"column":2},"end":{"line":20,"column":7}},"loc":{"start":{"line":23,"column":19},"end":{"line":161,"column":3}}},"2":{"name":"(anonymous_6)","decl":{"start":{"line":98,"column":46},"end":{"line":98,"column":47}},"loc":{"start":{"line":98,"column":58},"end":{"line":98,"column":83}}},"3":{"name":"(anonymous_7)","decl":{"start":{"line":103,"column":57},"end":{"line":103,"column":58}},"loc":{"start":{"line":103,"column":71},"end":{"line":109,"column":12}}},"4":{"name":"(anonymous_8)","decl":{"start":{"line":141,"column":50},"end":{"line":141,"column":52}},"loc":{"start":{"line":142,"column":18},"end":{"line":142,"column":76}}},"5":{"name":"(anonymous_9)","decl":{"start":{"line":163,"column":2},"end":{"line":163,"column":7}},"loc":{"start":{"line":163,"column":53},"end":{"line":210,"column":3}}},"6":{"name":"(anonymous_10)","decl":{"start":{"line":212,"column":2},"end":{"line":212,"column":7}},"loc":{"start":{"line":214,"column":28},"end":{"line":247,"column":3}}},"7":{"name":"(anonymous_11)","decl":{"start":{"line":249,"column":2},"end":{"line":249,"column":7}},"loc":{"start":{"line":249,"column":38},"end":{"line":269,"column":3}}},"8":{"name":"(anonymous_12)","decl":{"start":{"line":271,"column":2},"end":{"line":271,"column":7}},"loc":{"start":{"line":271,"column":36},"end":{"line":282,"column":3}}},"9":{"name":"(anonymous_13)","decl":{"start":{"line":284,"column":2},"end":{"line":284,"column":7}},"loc":{"start":{"line":286,"column":14},"end":{"line":312,"column":3}}},"10":{"name":"(anonymous_14)","decl":{"start":{"line":314,"column":2},"end":{"line":314,"column":7}},"loc":{"start":{"line":314,"column":42},"end":{"line":325,"column":3}}},"11":{"name":"(anonymous_15)","decl":{"start":{"line":327,"column":2},"end":{"line":327,"column":7}},"loc":{"start":{"line":327,"column":26},"end":{"line":343,"column":3}}},"12":{"name":"(anonymous_16)","decl":{"start":{"line":16,"column":23},"end":{"line":16,"column":26}},"loc":{"start":{"line":16,"column":29},"end":{"line":16,"column":43}}}},"branchMap":{"0":{"loc":{"start":{"line":31,"column":28},"end":{"line":31,"column":66}},"type":"binary-expr","locations":[{"start":{"line":31,"column":28},"end":{"line":31,"column":49}},{"start":{"line":31,"column":53},"end":{"line":31,"column":66}}]},"1":{"loc":{"start":{"line":32,"column":6},"end":{"line":34,"column":7}},"type":"if","locations":[{"start":{"line":32,"column":6},"end":{"line":34,"column":7}},{"start":{},"end":{}}]},"2":{"loc":{"start":{"line":32,"column":10},"end":{"line":32,"column":55}},"type":"binary-expr","locations":[{"start":{"line":32,"column":10},"end":{"line":32,"column":23}},{"start":{"line":32,"column":27},"end":{"line":32,"column":55}}]},"3":{"loc":{"start":{"line":37,"column":31},"end":{"line":37,"column":71}},"type":"binary-expr","locations":[{"start":{"line":37,"column":31},"end":{"line":37,"column":49}},{"start":{"line":37,"column":54},"end":{"line":37,"column":71}}]},"4":{"loc":{"start":{"line":38,"column":6},"end":{"line":40,"column":7}},"type":"if","locations":[{"start":{"line":38,"column":6},"end":{"line":40,"column":7}},{"start":{},"end":{}}]},"5":{"loc":{"start":{"line":44,"column":6},"end":{"line":46,"column":7}},"type":"if","locations":[{"start":{"line":44,"column":6},"end":{"line":46,"column":7}},{"start":{},"end":{}}]},"6":{"loc":{"start":{"line":50,"column":6},"end":{"line":58,"column":7}},"type":"if","locations":[{"start":{"line":50,"column":6},"end":{"line":58,"column":7}},{"start":{"line":52,"column":13},"end":{"line":58,"column":7}}]},"7":{"loc":{"start":{"line":52,"column":13},"end":{"line":58,"column":7}},"type":"if","locations":[{"start":{"line":52,"column":13},"end":{"line":58,"column":7}},{"start":{"line":54,"column":13},"end":{"line":58,"column":7}}]},"8":{"loc":{"start":{"line":54,"column":13},"end":{"line":58,"column":7}},"type":"if","locations":[{"start":{"line":54,"column":13},"end":{"line":58,"column":7}},{"start":{"line":56,"column":13},"end":{"line":58,"column":7}}]},"9":{"loc":{"start":{"line":61,"column":6},"end":{"line":63,"column":7}},"type":"if","locations":[{"start":{"line":61,"column":6},"end":{"line":63,"column":7}},{"start":{},"end":{}}]},"10":{"loc":{"start":{"line":66,"column":22},"end":{"line":66,"column":58}},"type":"binary-expr","locations":[{"start":{"line":66,"column":22},"end":{"line":66,"column":38}},{"start":{"line":66,"column":43},"end":{"line":66,"column":58}}]},"11":{"loc":{"start":{"line":67,"column":6},"end":{"line":69,"column":7}},"type":"if","locations":[{"start":{"line":67,"column":6},"end":{"line":69,"column":7}},{"start":{},"end":{}}]},"12":{"loc":{"start":{"line":90,"column":8},"end":{"line":93,"column":9}},"type":"if","locations":[{"start":{"line":90,"column":8},"end":{"line":93,"column":9}},{"start":{},"end":{}}]},"13":{"loc":{"start":{"line":95,"column":26},"end":{"line":95,"column":79}},"type":"cond-expr","locations":[{"start":{"line":95,"column":55},"end":{"line":95,"column":56}},{"start":{"line":95,"column":59},"end":{"line":95,"column":79}}]},"14":{"loc":{"start":{"line":98,"column":28},"end":{"line":98,"column":92}},"type":"binary-expr","locations":[{"start":{"line":98,"column":28},"end":{"line":98,"column":84}},{"start":{"line":98,"column":88},"end":{"line":98,"column":92}}]},"15":{"loc":{"start":{"line":102,"column":8},"end":{"line":110,"column":9}},"type":"if","locations":[{"start":{"line":102,"column":8},"end":{"line":110,"column":9}},{"start":{},"end":{}}]},"16":{"loc":{"start":{"line":102,"column":12},"end":{"line":102,"column":124}},"type":"binary-expr","locations":[{"start":{"line":102,"column":12},"end":{"line":102,"column":23}},{"start":{"line":102,"column":27},"end":{"line":102,"column":48}},{"start":{"line":102,"column":52},"end":{"line":102,"column":88}},{"start":{"line":102,"column":92},"end":{"line":102,"column":124}}]},"17":{"loc":{"start":{"line":104,"column":26},"end":{"line":104,"column":65}},"type":"binary-expr","locations":[{"start":{"line":104,"column":26},"end":{"line":104,"column":33}},{"start":{"line":104,"column":37},"end":{"line":104,"column":52}},{"start":{"line":104,"column":56},"end":{"line":104,"column":65}}]},"18":{"loc":{"start":{"line":105,"column":24},"end":{"line":105,"column":36}},"type":"binary-expr","locations":[{"start":{"line":105,"column":24},"end":{"line":105,"column":31}},{"start":{"line":105,"column":35},"end":{"line":105,"column":36}}]},"19":{"loc":{"start":{"line":120,"column":20},"end":{"line":120,"column":67}},"type":"cond-expr","locations":[{"start":{"line":120,"column":54},"end":{"line":120,"column":59}},{"start":{"line":120,"column":62},"end":{"line":120,"column":67}}]},"20":{"loc":{"start":{"line":128,"column":6},"end":{"line":155,"column":7}},"type":"if","locations":[{"start":{"line":128,"column":6},"end":{"line":155,"column":7}},{"start":{},"end":{}}]},"21":{"loc":{"start":{"line":134,"column":10},"end":{"line":151,"column":11}},"type":"if","locations":[{"start":{"line":134,"column":10},"end":{"line":151,"column":11}},{"start":{},"end":{}}]},"22":{"loc":{"start":{"line":136,"column":12},"end":{"line":148,"column":13}},"type":"if","locations":[{"start":{"line":136,"column":12},"end":{"line":148,"column":13}},{"start":{},"end":{}}]},"23":{"loc":{"start":{"line":136,"column":16},"end":{"line":136,"column":62}},"type":"binary-expr","locations":[{"start":{"line":136,"column":16},"end":{"line":136,"column":28}},{"start":{"line":136,"column":32},"end":{"line":136,"column":62}}]},"24":{"loc":{"start":{"line":138,"column":48},"end":{"line":138,"column":78}},"type":"binary-expr","locations":[{"start":{"line":138,"column":48},"end":{"line":138,"column":72}},{"start":{"line":138,"column":76},"end":{"line":138,"column":78}}]},"25":{"loc":{"start":{"line":139,"column":14},"end":{"line":147,"column":15}},"type":"if","locations":[{"start":{"line":139,"column":14},"end":{"line":147,"column":15}},{"start":{},"end":{}}]},"26":{"loc":{"start":{"line":142,"column":18},"end":{"line":142,"column":76}},"type":"cond-expr","locations":[{"start":{"line":142,"column":49},"end":{"line":142,"column":51}},{"start":{"line":142,"column":54},"end":{"line":142,"column":76}}]},"27":{"loc":{"start":{"line":176,"column":4},"end":{"line":187,"column":5}},"type":"if","locations":[{"start":{"line":176,"column":4},"end":{"line":187,"column":5}},{"start":{},"end":{}}]},"28":{"loc":{"start":{"line":178,"column":39},"end":{"line":178,"column":67}},"type":"binary-expr","locations":[{"start":{"line":178,"column":39},"end":{"line":178,"column":61}},{"start":{"line":178,"column":65},"end":{"line":178,"column":67}}]},"29":{"loc":{"start":{"line":179,"column":32},"end":{"line":179,"column":55}},"type":"binary-expr","locations":[{"start":{"line":179,"column":32},"end":{"line":179,"column":47}},{"start":{"line":179,"column":51},"end":{"line":179,"column":55}}]},"30":{"loc":{"start":{"line":180,"column":32},"end":{"line":182,"column":20}},"type":"cond-expr","locations":[{"start":{"line":181,"column":10},"end":{"line":181,"column":35}},{"start":{"line":182,"column":10},"end":{"line":182,"column":20}}]},"31":{"loc":{"start":{"line":192,"column":29},"end":{"line":194,"column":28}},"type":"cond-expr","locations":[{"start":{"line":193,"column":9},"end":{"line":193,"column":41}},{"start":{"line":194,"column":8},"end":{"line":194,"column":28}}]},"32":{"loc":{"start":{"line":202,"column":26},"end":{"line":202,"column":54}},"type":"binary-expr","locations":[{"start":{"line":202,"column":26},"end":{"line":202,"column":48}},{"start":{"line":202,"column":52},"end":{"line":202,"column":54}}]},"33":{"loc":{"start":{"line":203,"column":19},"end":{"line":203,"column":42}},"type":"binary-expr","locations":[{"start":{"line":203,"column":19},"end":{"line":203,"column":34}},{"start":{"line":203,"column":38},"end":{"line":203,"column":42}}]},"34":{"loc":{"start":{"line":204,"column":19},"end":{"line":204,"column":75}},"type":"cond-expr","locations":[{"start":{"line":204,"column":37},"end":{"line":204,"column":62}},{"start":{"line":204,"column":65},"end":{"line":204,"column":75}}]},"35":{"loc":{"start":{"line":218,"column":4},"end":{"line":220,"column":5}},"type":"if","locations":[{"start":{"line":218,"column":4},"end":{"line":220,"column":5}},{"start":{},"end":{}}]},"36":{"loc":{"start":{"line":222,"column":4},"end":{"line":224,"column":5}},"type":"if","locations":[{"start":{"line":222,"column":4},"end":{"line":224,"column":5}},{"start":{},"end":{}}]},"37":{"loc":{"start":{"line":226,"column":4},"end":{"line":228,"column":5}},"type":"if","locations":[{"start":{"line":226,"column":4},"end":{"line":228,"column":5}},{"start":{},"end":{}}]},"38":{"loc":{"start":{"line":230,"column":4},"end":{"line":232,"column":5}},"type":"if","locations":[{"start":{"line":230,"column":4},"end":{"line":232,"column":5}},{"start":{},"end":{}}]},"39":{"loc":{"start":{"line":234,"column":4},"end":{"line":236,"column":5}},"type":"if","locations":[{"start":{"line":234,"column":4},"end":{"line":236,"column":5}},{"start":{},"end":{}}]},"40":{"loc":{"start":{"line":242,"column":4},"end":{"line":244,"column":5}},"type":"if","locations":[{"start":{"line":242,"column":4},"end":{"line":244,"column":5}},{"start":{},"end":{}}]},"41":{"loc":{"start":{"line":277,"column":4},"end":{"line":279,"column":5}},"type":"if","locations":[{"start":{"line":277,"column":4},"end":{"line":279,"column":5}},{"start":{},"end":{}}]},"42":{"loc":{"start":{"line":15,"column":29},"end":{"line":15,"column":54}},"type":"cond-expr","locations":[{"start":{"line":15,"column":34},"end":{"line":15,"column":54}},{"start":{"line":15,"column":34},"end":{"line":15,"column":54}}]},"43":{"loc":{"start":{"line":15,"column":29},"end":{"line":15,"column":34}},"type":"binary-expr","locations":[{"start":{"line":15,"column":29},"end":{"line":15,"column":54}},{"start":{"line":15,"column":29},"end":{"line":15,"column":34}}]},"44":{"loc":{"start":{"line":15,"column":34},"end":{"line":17,"column":null}},"type":"cond-expr","locations":[{"start":{"line":17,"column":42},"end":{"line":17,"column":null}},{"start":{"line":17,"column":42},"end":{"line":17,"column":null}}]},"45":{"loc":{"start":{"line":15,"column":34},"end":{"line":17,"column":42}},"type":"binary-expr","locations":[{"start":{"line":15,"column":34},"end":{"line":17,"column":null}},{"start":{"line":17,"column":28},"end":{"line":17,"column":42}}]}},"s":{"0":16,"1":16,"2":16,"3":16,"4":16,"5":16,"6":14,"7":14,"8":3,"9":3,"10":3,"11":3,"12":3,"13":3,"14":0,"15":3,"16":3,"17":0,"18":3,"19":3,"20":0,"21":3,"22":3,"23":0,"24":0,"25":0,"26":0,"27":0,"28":3,"29":0,"30":3,"31":3,"32":0,"33":3,"34":3,"35":21,"36":21,"37":21,"38":21,"39":21,"40":21,"41":21,"42":0,"43":21,"44":21,"45":39,"46":21,"47":21,"48":6,"49":6,"50":21,"51":21,"52":3,"53":3,"54":3,"55":0,"56":0,"57":0,"58":0,"59":0,"60":0,"61":0,"62":0,"63":0,"64":0,"65":0,"66":0,"67":2,"68":2,"69":2,"70":2,"71":2,"72":1,"73":1,"74":1,"75":1,"76":1,"77":1,"78":1,"79":1,"80":1,"81":1,"82":2,"83":2,"84":1,"85":2,"86":2,"87":2,"88":0,"89":2,"90":0,"91":2,"92":0,"93":2,"94":2,"95":1,"96":1,"97":2,"98":2,"99":2,"100":2,"101":2,"102":2,"103":2,"104":1,"105":1,"106":1,"107":1,"108":1,"109":1,"110":1,"111":1,"112":1,"113":1,"114":1,"115":1,"116":1,"117":1,"118":1,"119":16,"120":16,"121":14},"f":{"0":14,"1":3,"2":39,"3":6,"4":0,"5":2,"6":2,"7":2,"8":2,"9":1,"10":1,"11":1,"12":14},"b":{"0":[3,0],"1":[0,3],"2":[3,3],"3":[3,0],"4":[0,3],"5":[0,3],"6":[3,0],"7":[0,0],"8":[0,0],"9":[0,3],"10":[3,0],"11":[0,3],"12":[0,21],"13":[3,18],"14":[21,15],"15":[6,15],"16":[21,6,6,6],"17":[6,0,0],"18":[6,0],"19":[0,21],"20":[3,0],"21":[0,0],"22":[0,0],"23":[0,0],"24":[0,0],"25":[0,0],"26":[0,0],"27":[1,1],"28":[1,0],"29":[1,0],"30":[0,1],"31":[1,0],"32":[1,0],"33":[1,0],"34":[0,1],"35":[1,1],"36":[2,0],"37":[0,2],"38":[0,2],"39":[0,2],"40":[1,1],"41":[1,1],"42":[16,0],"43":[16,16],"44":[4,12],"45":[16,4]}}
}
