TN:
SF:src\app.controller.ts
FN:6,(anonymous_2)
FN:9,(anonymous_3)
FNF:2
FNH:2
FNDA:1,(anonymous_2)
FNDA:1,(anonymous_3)
DA:1,1
DA:2,1
DA:5,1
DA:6,1
DA:9,1
DA:10,1
LF:6
LH:6
BRDA:6,0,0,1
BRDA:6,0,1,0
BRDA:6,1,0,1
BRDA:6,1,1,1
BRF:4
BRH:3
end_of_record
TN:
SF:src\app.service.ts
FN:5,(anonymous_1)
FNF:1
FNH:1
FNDA:1,(anonymous_1)
DA:1,1
DA:4,1
DA:6,1
LF:3
LH:3
BRF:0
BRH:0
end_of_record
TN:
SF:src\auth\auth.controller.ts
FN:21,(anonymous_4)
FN:28,(anonymous_5)
FN:36,(anonymous_6)
FN:51,(anonymous_7)
FN:61,(anonymous_8)
FN:75,(anonymous_9)
FNF:6
FNH:6
FNDA:8,(anonymous_4)
FNDA:2,(anonymous_5)
FNDA:2,(anonymous_6)
FNDA:2,(anonymous_7)
FNDA:1,(anonymous_8)
FNDA:1,(anonymous_9)
DA:1,1
DA:9,1
DA:10,1
DA:11,1
DA:12,1
DA:13,1
DA:14,1
DA:15,1
DA:20,1
DA:21,8
DA:28,1
DA:29,2
DA:36,1
DA:37,2
DA:41,2
DA:42,1
DA:44,1
DA:51,1
DA:52,2
DA:61,1
DA:62,1
DA:75,1
DA:78,1
LF:23
LH:23
BRDA:41,0,0,1
BRDA:41,0,1,1
BRDA:28,1,0,1
BRDA:28,1,1,0
BRDA:28,2,0,1
BRDA:28,2,1,1
BRDA:36,3,0,1
BRDA:36,3,1,0
BRDA:36,4,0,1
BRDA:36,4,1,1
BRDA:51,5,0,1
BRDA:51,5,1,0
BRDA:51,6,0,1
BRDA:51,6,1,1
BRDA:21,7,0,1
BRDA:21,7,1,0
BRDA:21,8,0,1
BRDA:21,8,1,1
BRF:18
BRH:14
end_of_record
TN:
SF:src\auth\auth.service.ts
FN:14,(anonymous_11)
FN:21,(anonymous_12)
FN:61,(anonymous_13)
FN:70,(anonymous_14)
FN:74,(anonymous_15)
FN:106,(anonymous_16)
FNF:6
FNH:6
FNDA:11,(anonymous_11)
FNDA:3,(anonymous_12)
FNDA:3,(anonymous_13)
FNDA:1,(anonymous_14)
FNDA:3,(anonymous_15)
FNDA:4,(anonymous_16)
DA:1,2
DA:2,2
DA:3,2
DA:4,2
DA:5,2
DA:6,2
DA:10,2
DA:13,2
DA:15,11
DA:16,11
DA:17,11
DA:18,11
DA:23,3
DA:24,3
DA:25,1
DA:29,2
DA:30,2
DA:33,2
DA:38,2
DA:41,2
DA:43,1
DA:44,1
DA:48,1
DA:49,1
DA:58,2
DA:62,3
DA:63,3
DA:64,1
DA:65,1
DA:67,2
DA:71,1
DA:75,3
DA:76,3
DA:81,2
DA:82,2
DA:83,1
DA:87,1
DA:93,1
DA:94,1
DA:102,2
DA:107,4
DA:112,4
DA:113,4
LF:43
LH:43
BRDA:24,0,0,1
BRDA:24,0,1,2
BRDA:41,1,0,1
BRDA:41,1,1,1
BRDA:44,2,0,1
BRDA:44,2,1,0
BRDA:48,3,0,1
BRDA:48,3,1,0
BRDA:63,4,0,1
BRDA:63,4,1,2
BRDA:63,5,0,3
BRDA:63,5,1,2
BRDA:82,6,0,1
BRDA:82,6,1,1
BRDA:93,7,0,1
BRDA:93,7,1,0
BRDA:112,8,0,4
BRDA:112,8,1,2
BRDA:15,9,0,2
BRDA:15,9,1,0
BRDA:15,10,0,2
BRDA:15,10,1,2
BRDA:15,11,0,2
BRDA:15,11,1,0
BRDA:15,12,0,2
BRDA:15,12,1,2
BRDA:16,13,0,2
BRDA:16,13,1,0
BRDA:16,14,0,2
BRDA:16,14,1,2
BRDA:17,15,0,2
BRDA:17,15,1,0
BRDA:17,16,0,2
BRDA:17,16,1,2
BRF:34
BRH:27
end_of_record
TN:
SF:src\auth\strategies\jwt.strategy.ts
FN:9,(anonymous_2)
FN:17,(anonymous_3)
FNF:2
FNH:0
FNDA:0,(anonymous_2)
FNDA:0,(anonymous_3)
DA:1,1
DA:2,1
DA:3,1
DA:4,1
DA:8,1
DA:10,0
DA:18,0
LF:7
LH:5
BRDA:13,0,0,0
BRDA:13,0,1,0
BRDA:9,1,0,1
BRDA:9,1,1,0
BRDA:9,2,0,1
BRDA:9,2,1,1
BRF:6
BRH:3
end_of_record
TN:
SF:src\checkins\checkins.controller.ts
FN:19,(anonymous_4)
FN:24,(anonymous_5)
FN:34,(anonymous_6)
FN:40,(anonymous_7)
FN:46,(anonymous_8)
FN:52,(anonymous_9)
FN:63,(anonymous_10)
FN:84,(anonymous_11)
FNF:8
FNH:8
FNDA:10,(anonymous_4)
FNDA:1,(anonymous_5)
FNDA:1,(anonymous_6)
FNDA:1,(anonymous_7)
FNDA:2,(anonymous_8)
FNDA:2,(anonymous_9)
FNDA:1,(anonymous_10)
FNDA:2,(anonymous_11)
DA:1,1
DA:2,1
DA:3,1
DA:4,1
DA:5,1
DA:6,1
DA:7,1
DA:8,1
DA:9,1
DA:10,1
DA:11,1
DA:18,1
DA:19,10
DA:24,1
DA:28,1
DA:34,1
DA:35,1
DA:40,1
DA:41,1
DA:46,1
DA:47,2
DA:52,1
DA:57,2
DA:63,1
DA:68,1
DA:84,1
DA:88,2
DA:89,1
LF:28
LH:28
BRDA:26,0,0,1
BRDA:26,0,1,0
BRDA:26,1,0,1
BRDA:26,1,1,1
BRDA:55,2,0,1
BRDA:55,2,1,0
BRDA:55,3,0,1
BRDA:55,3,1,1
BRDA:19,4,0,1
BRDA:19,4,1,0
BRDA:19,5,0,1
BRDA:19,5,1,1
BRF:12
BRH:9
end_of_record
TN:
SF:src\checkins\checkins.service.ts
FN:13,(anonymous_4)
FN:20,(anonymous_5)
FN:43,(anonymous_6)
FN:57,(anonymous_7)
FN:69,(anonymous_8)
FN:98,(anonymous_9)
FN:111,(anonymous_10)
FN:132,(anonymous_11)
FN:16,(anonymous_12)
FNF:9
FNH:9
FNDA:18,(anonymous_4)
FNDA:3,(anonymous_5)
FNDA:2,(anonymous_6)
FNDA:2,(anonymous_7)
FNDA:4,(anonymous_8)
FNDA:1,(anonymous_9)
FNDA:2,(anonymous_10)
FNDA:3,(anonymous_11)
FNDA:18,(anonymous_12)
DA:1,4
DA:2,4
DA:3,4
DA:4,4
DA:7,4
DA:8,4
DA:9,4
DA:12,4
DA:14,18
DA:15,18
DA:16,18
DA:17,18
DA:21,3
DA:22,3
DA:23,1
DA:26,2
DA:40,2
DA:44,2
DA:45,2
DA:46,1
DA:49,1
DA:59,2
DA:60,0
DA:62,2
DA:63,2
DA:64,1
DA:66,1
DA:74,4
DA:75,4
DA:76,1
DA:80,3
DA:81,3
DA:84,3
DA:85,1
DA:88,2
DA:89,2
DA:90,2
DA:91,2
DA:92,1
DA:95,2
DA:99,1
DA:116,2
DA:117,2
DA:118,1
DA:121,1
DA:133,3
DA:134,3
DA:135,1
DA:139,2
DA:140,2
DA:143,2
DA:144,1
DA:148,1
LF:53
LH:52
BRDA:22,0,0,1
BRDA:22,0,1,2
BRDA:27,1,0,2
BRDA:27,1,1,0
BRDA:29,2,0,1
BRDA:29,2,1,1
BRDA:45,3,0,1
BRDA:45,3,1,1
BRDA:50,4,0,1
BRDA:50,4,1,0
BRDA:59,5,0,0
BRDA:59,5,1,2
BRDA:63,6,0,1
BRDA:63,6,1,1
BRDA:75,7,0,1
BRDA:75,7,1,3
BRDA:84,8,0,1
BRDA:84,8,1,2
BRDA:91,9,0,1
BRDA:91,9,1,1
BRDA:117,10,0,1
BRDA:117,10,1,1
BRDA:123,11,0,1
BRDA:123,11,1,0
BRDA:134,12,0,1
BRDA:134,12,1,2
BRDA:140,13,0,2
BRDA:140,13,1,0
BRDA:143,14,0,1
BRDA:143,14,1,1
BRDA:14,15,0,4
BRDA:14,15,1,0
BRDA:14,16,0,4
BRDA:14,16,1,4
BRDA:14,17,0,4
BRDA:14,17,1,0
BRDA:14,18,0,4
BRDA:14,18,1,4
BRDA:15,19,0,4
BRDA:15,19,1,0
BRDA:15,20,0,4
BRDA:15,20,1,4
BRF:42
BRH:34
end_of_record
TN:
SF:src\clients\clients.controller.ts
FN:25,(anonymous_4)
FN:36,(anonymous_5)
FN:46,(anonymous_6)
FN:59,(anonymous_7)
FN:69,(anonymous_8)
FN:80,(anonymous_9)
FN:90,(anonymous_10)
FN:107,(anonymous_11)
FNF:8
FNH:8
FNDA:10,(anonymous_4)
FNDA:2,(anonymous_5)
FNDA:1,(anonymous_6)
FNDA:2,(anonymous_7)
FNDA:1,(anonymous_8)
FNDA:1,(anonymous_9)
FNDA:2,(anonymous_10)
FNDA:1,(anonymous_11)
DA:1,1
DA:8,1
DA:9,1
DA:10,1
DA:11,1
DA:12,1
DA:13,1
DA:14,1
DA:15,1
DA:16,1
DA:17,1
DA:24,1
DA:26,10
DA:27,10
DA:36,1
DA:37,2
DA:46,1
DA:50,1
DA:59,1
DA:60,2
DA:69,1
DA:70,1
DA:71,1
DA:80,1
DA:81,1
DA:90,1
DA:91,2
DA:93,2
DA:98,2
DA:107,1
DA:108,1
LF:31
LH:31
BRDA:93,0,0,1
BRDA:93,0,1,1
BRDA:94,1,0,1
BRDA:94,1,1,0
BRDA:48,2,0,1
BRDA:48,2,1,0
BRDA:48,3,0,1
BRDA:48,3,1,1
BRDA:26,4,0,1
BRDA:26,4,1,0
BRDA:26,5,0,1
BRDA:26,5,1,1
BRDA:26,6,0,1
BRDA:26,6,1,0
BRDA:26,7,0,1
BRDA:26,7,1,1
BRF:16
BRH:12
end_of_record
TN:
SF:src\clients\clients.service.ts
FN:14,(anonymous_4)
FN:21,(anonymous_5)
FN:35,(anonymous_6)
FN:50,(anonymous_7)
FN:65,(anonymous_8)
FN:99,(anonymous_9)
FN:111,(anonymous_10)
FN:17,(anonymous_11)
FNF:8
FNH:7
FNDA:8,(anonymous_4)
FNDA:1,(anonymous_5)
FNDA:5,(anonymous_6)
FNDA:0,(anonymous_7)
FNDA:2,(anonymous_8)
FNDA:2,(anonymous_9)
FNDA:1,(anonymous_10)
FNDA:8,(anonymous_11)
DA:1,16
DA:2,16
DA:3,16
DA:4,16
DA:10,16
DA:13,16
DA:16,8
DA:17,8
DA:18,8
DA:26,1
DA:32,1
DA:36,5
DA:43,5
DA:44,1
DA:47,4
DA:51,0
DA:58,0
DA:59,0
DA:62,0
DA:69,2
DA:72,2
DA:73,0
DA:77,2
DA:78,0
DA:80,2
DA:81,0
DA:84,2
DA:92,2
DA:93,1
DA:96,1
DA:100,2
DA:101,2
DA:102,1
DA:105,1
DA:108,1
DA:112,1
DA:113,1
LF:37
LH:30
BRDA:43,0,0,1
BRDA:43,0,1,4
BRDA:58,1,0,0
BRDA:58,1,1,0
BRDA:72,2,0,0
BRDA:72,2,1,2
BRDA:77,3,0,0
BRDA:77,3,1,2
BRDA:80,4,0,0
BRDA:80,4,1,2
BRDA:92,5,0,1
BRDA:92,5,1,1
BRDA:101,6,0,1
BRDA:101,6,1,1
BRDA:105,7,0,1
BRDA:105,7,1,0
BRDA:16,8,0,16
BRDA:16,8,1,0
BRDA:16,9,0,16
BRDA:16,9,1,16
BRDA:16,10,0,14
BRDA:16,10,1,2
BRDA:16,11,0,16
BRDA:16,11,1,14
BRF:24
BRH:17
end_of_record
TN:
SF:src\common\decorators\current-user.decorator.ts
FN:5,(anonymous_0)
FNF:1
FNH:0
FNDA:0,(anonymous_0)
DA:1,9
DA:4,9
DA:6,0
DA:7,0
LF:4
LH:2
BRF:0
BRH:0
end_of_record
TN:
SF:src\common\decorators\roles.decorator.ts
FN:4,(anonymous_0)
FNF:1
FNH:1
FNDA:40,(anonymous_0)
DA:1,9
DA:3,9
DA:4,40
LF:3
LH:3
BRF:0
BRH:0
end_of_record
TN:
SF:src\common\filters\http-exception.filter.ts
FN:12,(anonymous_1)
FNF:1
FNH:1
FNDA:12,(anonymous_1)
DA:1,1
DA:11,1
DA:13,12
DA:14,12
DA:15,12
DA:17,12
DA:18,12
DA:19,12
DA:21,12
DA:22,9
DA:23,9
DA:25,9
DA:26,8
DA:27,8
DA:28,1
DA:29,1
DA:30,1
DA:31,1
DA:33,0
DA:35,3
DA:36,2
DA:37,2
DA:40,12
DA:51,12
LF:24
LH:23
BRDA:21,0,0,9
BRDA:21,0,1,3
BRDA:25,1,0,8
BRDA:25,1,1,1
BRDA:28,2,0,1
BRDA:28,2,1,0
BRDA:30,3,0,1
BRDA:30,3,1,0
BRDA:31,4,0,1
BRDA:31,4,1,0
BRDA:31,4,2,0
BRDA:35,5,0,2
BRDA:35,5,1,1
BRDA:37,6,0,2
BRDA:37,6,1,0
BRF:15
BRH:10
end_of_record
TN:
SF:src\common\guards\jwt-auth.guard.ts
FNF:0
FNH:0
DA:1,10
DA:2,10
DA:5,10
LF:3
LH:3
BRF:0
BRH:0
end_of_record
TN:
SF:src\common\guards\roles.guard.ts
FN:7,(anonymous_2)
FN:9,(anonymous_3)
FN:22,(anonymous_4)
FNF:3
FNH:3
FNDA:68,(anonymous_2)
FNDA:6,(anonymous_3)
FNDA:6,(anonymous_4)
DA:1,9
DA:2,9
DA:3,9
DA:6,9
DA:7,68
DA:10,6
DA:15,6
DA:16,1
DA:19,5
DA:20,5
DA:22,6
LF:11
LH:11
BRDA:15,0,0,1
BRDA:15,0,1,5
BRDA:7,1,0,9
BRDA:7,1,1,0
BRDA:7,2,0,9
BRDA:7,2,1,9
BRF:6
BRH:5
end_of_record
TN:
SF:src\common\guards\saas-killswitch.guard.ts
FN:15,(anonymous_2)
FN:20,(anonymous_3)
FNF:2
FNH:2
FNDA:47,(anonymous_2)
FNDA:8,(anonymous_3)
DA:1,7
DA:9,7
DA:10,7
DA:11,7
DA:14,7
DA:16,47
DA:17,47
DA:21,8
DA:22,8
DA:25,8
DA:26,2
DA:29,6
DA:31,6
DA:32,5
DA:33,0
DA:39,5
DA:41,5
DA:42,0
DA:44,0
DA:47,0
DA:49,5
DA:50,5
DA:51,1
DA:55,4
DA:56,2
DA:62,2
DA:64,1
DA:70,1
DA:74,1
DA:79,1
DA:82,5
DA:83,5
DA:86,0
DA:87,0
DA:90,0
DA:91,0
LF:36
LH:28
BRDA:25,0,0,2
BRDA:25,0,1,6
BRDA:25,1,0,8
BRDA:25,1,1,7
BRDA:32,2,0,0
BRDA:32,2,1,5
BRDA:39,3,0,5
BRDA:39,3,1,0
BRDA:39,4,0,5
BRDA:39,4,1,5
BRDA:39,4,2,5
BRDA:42,5,0,0
BRDA:42,5,1,0
BRDA:42,6,0,0
BRDA:42,6,1,0
BRDA:50,7,0,1
BRDA:50,7,1,4
BRDA:55,8,0,2
BRDA:55,8,1,2
BRDA:55,9,0,4
BRDA:55,9,1,3
BRDA:62,10,0,1
BRDA:62,10,1,1
BRDA:82,11,0,5
BRDA:82,11,1,0
BRDA:82,12,0,5
BRDA:82,12,1,2
BRDA:86,13,0,0
BRDA:86,13,1,0
BRDA:16,14,0,7
BRDA:16,14,1,0
BRDA:16,15,0,7
BRDA:16,15,1,7
BRDA:16,16,0,7
BRDA:16,16,1,0
BRDA:16,17,0,7
BRDA:16,17,1,7
BRF:37
BRH:26
end_of_record
TN:
SF:src\common\interceptors\transform.interceptor.ts
FN:21,(anonymous_1)
FN:26,(anonymous_2)
FNF:2
FNH:2
FNDA:5,(anonymous_1)
FNDA:5,(anonymous_2)
DA:1,1
DA:8,1
DA:18,1
DA:25,5
DA:26,5
LF:5
LH:5
BRF:0
BRH:0
end_of_record
TN:
SF:src\gamification\gamification.controller.ts
FN:14,(anonymous_4)
FN:19,(anonymous_5)
FN:26,(anonymous_6)
FN:32,(anonymous_7)
FN:38,(anonymous_8)
FNF:5
FNH:5
FNDA:6,(anonymous_4)
FNDA:2,(anonymous_5)
FNDA:1,(anonymous_6)
FNDA:1,(anonymous_7)
FNDA:2,(anonymous_8)
DA:1,1
DA:2,1
DA:3,1
DA:4,1
DA:5,1
DA:6,1
DA:7,1
DA:8,1
DA:13,1
DA:14,6
DA:19,1
DA:20,2
DA:26,1
DA:27,1
DA:32,1
DA:33,1
DA:38,1
DA:42,2
DA:43,1
LF:19
LH:19
BRDA:14,0,0,1
BRDA:14,0,1,0
BRDA:14,1,0,1
BRDA:14,1,1,1
BRF:4
BRH:3
end_of_record
TN:
SF:src\gamification\gamification.service.ts
FN:12,(anonymous_4)
FN:20,(anonymous_5)
FN:37,(anonymous_6)
FN:46,(anonymous_7)
FN:58,(anonymous_8)
FN:79,(anonymous_9)
FN:90,(anonymous_10)
FN:99,(anonymous_11)
FN:16,(anonymous_12)
FNF:9
FNH:9
FNDA:11,(anonymous_4)
FNDA:3,(anonymous_5)
FNDA:1,(anonymous_6)
FNDA:2,(anonymous_7)
FNDA:3,(anonymous_8)
FNDA:2,(anonymous_9)
FNDA:3,(anonymous_10)
FNDA:4,(anonymous_11)
FNDA:11,(anonymous_12)
DA:1,2
DA:2,2
DA:3,2
DA:4,2
DA:5,2
DA:6,2
DA:7,2
DA:11,2
DA:13,11
DA:14,11
DA:15,11
DA:16,11
DA:17,11
DA:21,3
DA:22,3
DA:23,1
DA:26,2
DA:32,2
DA:37,1
DA:47,2
DA:48,2
DA:49,1
DA:52,1
DA:60,3
DA:61,3
DA:62,1
DA:66,2
DA:67,2
DA:70,2
DA:71,1
DA:74,1
DA:75,1
DA:76,1
DA:81,2
DA:82,2
DA:85,2
DA:90,3
DA:99,2
DA:100,4
DA:101,3
DA:103,1
DA:106,2
LF:42
LH:42
BRDA:22,0,0,1
BRDA:22,0,1,2
BRDA:27,1,0,2
BRDA:27,1,1,0
BRDA:48,2,0,1
BRDA:48,2,1,1
BRDA:53,3,0,1
BRDA:53,3,1,0
BRDA:61,4,0,1
BRDA:61,4,1,2
BRDA:70,5,0,1
BRDA:70,5,1,1
BRDA:100,6,0,3
BRDA:100,6,1,1
BRDA:13,7,0,2
BRDA:13,7,1,0
BRDA:13,8,0,2
BRDA:13,8,1,2
BRDA:13,9,0,2
BRDA:13,9,1,0
BRDA:13,10,0,2
BRDA:13,10,1,2
BRDA:14,11,0,2
BRDA:14,11,1,0
BRDA:14,12,0,2
BRDA:14,12,1,2
BRDA:15,13,0,2
BRDA:15,13,1,0
BRDA:15,14,0,2
BRDA:15,14,1,2
BRF:30
BRH:24
end_of_record
TN:
SF:src\media\media.controller.ts
FN:17,(anonymous_4)
FN:25,(anonymous_5)
FNF:2
FNH:2
FNDA:1,(anonymous_4)
FNDA:1,(anonymous_5)
DA:1,1
DA:2,1
DA:3,1
DA:4,1
DA:5,1
DA:6,1
DA:7,1
DA:8,1
DA:9,1
DA:16,1
DA:17,1
DA:25,1
DA:26,1
LF:13
LH:13
BRDA:17,0,0,1
BRDA:17,0,1,0
BRDA:17,1,0,1
BRDA:17,1,1,1
BRF:4
BRH:3
end_of_record
TN:
SF:src\media\media.service.ts
FN:7,(anonymous_1)
FNF:1
FNH:1
FNDA:5,(anonymous_1)
DA:1,2
DA:2,2
DA:6,2
DA:8,5
DA:9,5
DA:10,5
DA:13,5
DA:19,5
DA:24,5
LF:9
LH:9
BRDA:10,0,0,5
BRDA:10,0,1,1
BRDA:21,1,0,5
BRDA:21,1,1,0
BRDA:27,2,0,5
BRDA:27,2,1,0
BRDA:28,3,0,5
BRDA:28,3,1,0
BRF:8
BRH:5
end_of_record
TN:
SF:src\plans\plans.controller.ts
FN:27,(anonymous_4)
FN:31,(anonymous_5)
FN:40,(anonymous_6)
FN:46,(anonymous_7)
FN:52,(anonymous_8)
FN:62,(anonymous_9)
FN:72,(anonymous_10)
FN:82,(anonymous_11)
FNF:8
FNH:8
FNDA:12,(anonymous_4)
FNDA:1,(anonymous_5)
FNDA:1,(anonymous_6)
FNDA:2,(anonymous_7)
FNDA:2,(anonymous_8)
FNDA:2,(anonymous_9)
FNDA:2,(anonymous_10)
FNDA:2,(anonymous_11)
DA:1,1
DA:11,1
DA:12,1
DA:13,1
DA:14,1
DA:15,1
DA:16,1
DA:17,1
DA:18,1
DA:19,1
DA:26,1
DA:27,12
DA:31,1
DA:35,1
DA:40,1
DA:41,1
DA:46,1
DA:47,2
DA:52,1
DA:57,2
DA:62,1
DA:66,2
DA:67,1
DA:72,1
DA:77,2
DA:82,1
DA:86,2
LF:27
LH:27
BRDA:33,0,0,1
BRDA:33,0,1,0
BRDA:33,1,0,1
BRDA:33,1,1,1
BRDA:55,2,0,1
BRDA:55,2,1,0
BRDA:55,3,0,1
BRDA:55,3,1,1
BRDA:75,4,0,1
BRDA:75,4,1,0
BRDA:75,5,0,1
BRDA:75,5,1,1
BRDA:27,6,0,1
BRDA:27,6,1,0
BRDA:27,7,0,1
BRDA:27,7,1,1
BRF:16
BRH:12
end_of_record
TN:
SF:src\plans\plans.service.ts
FN:17,(anonymous_4)
FN:27,(anonymous_5)
FN:41,(anonymous_6)
FN:54,(anonymous_7)
FN:68,(anonymous_8)
FN:96,(anonymous_9)
FN:112,(anonymous_10)
FN:149,(anonymous_11)
FN:178,(anonymous_12)
FN:20,(anonymous_13)
FN:22,(anonymous_14)
FNF:11
FNH:11
FNDA:10,(anonymous_4)
FNDA:1,(anonymous_5)
FNDA:1,(anonymous_6)
FNDA:8,(anonymous_7)
FNDA:2,(anonymous_8)
FNDA:1,(anonymous_9)
FNDA:2,(anonymous_10)
FNDA:1,(anonymous_11)
FNDA:1,(anonymous_12)
FNDA:10,(anonymous_13)
FNDA:10,(anonymous_14)
DA:1,16
DA:2,16
DA:3,16
DA:4,16
DA:11,16
DA:12,16
DA:13,16
DA:16,16
DA:19,10
DA:20,10
DA:21,10
DA:22,10
DA:23,10
DA:24,10
DA:29,1
DA:30,1
DA:32,1
DA:38,1
DA:43,1
DA:44,1
DA:46,1
DA:55,8
DA:61,8
DA:62,1
DA:65,7
DA:74,2
DA:75,2
DA:78,2
DA:79,2
DA:81,2
DA:82,1
DA:85,1
DA:89,1
DA:90,0
DA:93,1
DA:98,1
DA:99,1
DA:102,1
DA:103,1
DA:105,1
DA:106,0
DA:109,1
DA:118,2
DA:119,2
DA:122,2
DA:123,2
DA:125,2
DA:126,1
DA:129,1
DA:130,1
DA:131,1
DA:134,1
DA:136,1
DA:138,1
DA:140,1
DA:148,1
DA:149,1
DA:154,1
DA:155,1
DA:156,0
DA:159,1
DA:160,1
DA:161,1
DA:162,1
DA:164,0
DA:165,0
DA:169,1
DA:179,1
DA:182,1
DA:183,1
DA:186,1
DA:196,1
LF:72
LH:67
BRDA:35,0,0,1
BRDA:35,0,1,0
BRDA:61,1,0,1
BRDA:61,1,1,7
BRDA:75,2,0,2
BRDA:75,2,1,0
BRDA:81,3,0,1
BRDA:81,3,1,1
BRDA:89,4,0,0
BRDA:89,4,1,1
BRDA:99,5,0,1
BRDA:99,5,1,0
BRDA:105,6,0,0
BRDA:105,6,1,1
BRDA:119,7,0,2
BRDA:119,7,1,0
BRDA:125,8,0,1
BRDA:125,8,1,1
BRDA:138,9,0,1
BRDA:138,9,1,0
BRDA:138,9,2,0
BRDA:155,10,0,0
BRDA:155,10,1,1
BRDA:19,11,0,16
BRDA:19,11,1,0
BRDA:19,12,0,16
BRDA:19,12,1,16
BRDA:19,13,0,2
BRDA:19,13,1,14
BRDA:19,14,0,16
BRDA:19,14,1,2
BRDA:21,15,0,14
BRDA:21,15,1,2
BRDA:21,16,0,16
BRDA:21,16,1,14
BRDA:23,17,0,16
BRDA:23,17,1,0
BRDA:23,18,0,16
BRDA:23,18,1,16
BRF:39
BRH:28
end_of_record
TN:
SF:src\trainers\trainers.controller.ts
FN:28,(anonymous_4)
FN:36,(anonymous_5)
FN:46,(anonymous_6)
FN:59,(anonymous_7)
FN:69,(anonymous_8)
FN:86,(anonymous_9)
FN:102,(anonymous_10)
FN:117,(anonymous_11)
FN:131,(anonymous_12)
FNF:9
FNH:9
FNDA:11,(anonymous_4)
FNDA:2,(anonymous_5)
FNDA:1,(anonymous_6)
FNDA:1,(anonymous_7)
FNDA:1,(anonymous_8)
FNDA:1,(anonymous_9)
FNDA:2,(anonymous_10)
FNDA:1,(anonymous_11)
FNDA:2,(anonymous_12)
DA:1,1
DA:11,1
DA:12,1
DA:13,1
DA:14,1
DA:16,1
DA:17,1
DA:18,1
DA:19,1
DA:20,1
DA:27,1
DA:28,11
DA:36,1
DA:37,2
DA:46,1
DA:50,1
DA:59,1
DA:60,1
DA:69,1
DA:70,1
DA:71,1
DA:86,1
DA:90,1
DA:102,1
DA:106,2
DA:117,1
DA:121,1
DA:131,1
DA:135,2
LF:29
LH:29
BRDA:48,0,0,1
BRDA:48,0,1,0
BRDA:48,1,0,1
BRDA:48,1,1,1
BRDA:88,2,0,1
BRDA:88,2,1,0
BRDA:88,3,0,1
BRDA:88,3,1,1
BRDA:133,4,0,1
BRDA:133,4,1,0
BRDA:133,5,0,1
BRDA:133,5,1,1
BRDA:28,6,0,1
BRDA:28,6,1,0
BRDA:28,7,0,1
BRDA:28,7,1,1
BRF:16
BRH:12
end_of_record
TN:
SF:src\trainers\trainers.service.ts
FN:21,(anonymous_4)
FN:28,(anonymous_5)
FN:47,(anonymous_6)
FN:60,(anonymous_7)
FN:72,(anonymous_8)
FN:91,(anonymous_9)
FN:102,(anonymous_10)
FN:115,(anonymous_11)
FN:156,(anonymous_12)
FN:212,(anonymous_13)
FN:249,(anonymous_14)
FNF:11
FNH:11
FNDA:24,(anonymous_4)
FNDA:2,(anonymous_5)
FNDA:15,(anonymous_6)
FNDA:2,(anonymous_7)
FNDA:2,(anonymous_8)
FNDA:1,(anonymous_9)
FNDA:1,(anonymous_10)
FNDA:3,(anonymous_11)
FNDA:5,(anonymous_12)
FNDA:3,(anonymous_13)
FNDA:4,(anonymous_14)
DA:1,18
DA:2,18
DA:3,18
DA:4,18
DA:8,18
DA:17,18
DA:20,18
DA:23,24
DA:25,24
DA:33,2
DA:34,2
DA:36,2
DA:44,2
DA:48,15
DA:53,15
DA:54,2
DA:57,13
DA:61,2
DA:65,2
DA:66,1
DA:69,1
DA:76,2
DA:84,2
DA:85,1
DA:88,1
DA:92,1
DA:93,1
DA:96,1
DA:102,1
DA:119,3
DA:121,3
DA:122,2
DA:125,3
DA:126,1
DA:129,3
DA:130,1
DA:133,3
DA:134,0
DA:137,3
DA:138,0
DA:141,3
DA:149,3
DA:150,1
DA:153,2
DA:161,5
DA:162,5
DA:165,5
DA:169,5
DA:170,1
DA:176,4
DA:177,4
DA:178,1
DA:182,3
DA:183,1
DA:187,2
DA:188,1
DA:195,1
DA:201,1
DA:206,1
DA:217,3
DA:218,3
DA:221,3
DA:222,3
DA:223,1
DA:227,2
DA:228,1
DA:232,1
DA:238,1
DA:243,1
DA:253,4
DA:254,3
DA:257,3
DA:263,3
DA:264,3
DA:267,3
DA:268,2
DA:274,1
DA:280,1
DA:283,1
DA:296,1
DA:297,0
DA:300,1
LF:82
LH:79
BRDA:53,0,0,2
BRDA:53,0,1,13
BRDA:65,1,0,1
BRDA:65,1,1,1
BRDA:84,2,0,1
BRDA:84,2,1,1
BRDA:121,3,0,2
BRDA:121,3,1,1
BRDA:125,4,0,1
BRDA:125,4,1,2
BRDA:129,5,0,1
BRDA:129,5,1,2
BRDA:133,6,0,0
BRDA:133,6,1,3
BRDA:137,7,0,0
BRDA:137,7,1,3
BRDA:149,8,0,1
BRDA:149,8,1,2
BRDA:169,9,0,1
BRDA:169,9,1,4
BRDA:177,10,0,1
BRDA:177,10,1,3
BRDA:182,11,0,1
BRDA:182,11,1,2
BRDA:182,12,0,3
BRDA:182,12,1,2
BRDA:187,13,0,1
BRDA:187,13,1,1
BRDA:187,14,0,2
BRDA:187,14,1,1
BRDA:222,15,0,1
BRDA:222,15,1,2
BRDA:227,16,0,1
BRDA:227,16,1,1
BRDA:227,17,0,2
BRDA:227,17,1,2
BRDA:263,18,0,3
BRDA:263,18,1,0
BRDA:267,19,0,2
BRDA:267,19,1,1
BRDA:296,20,0,0
BRDA:296,20,1,1
BRDA:23,21,0,18
BRDA:23,21,1,0
BRDA:23,22,0,18
BRDA:23,22,1,18
BRDA:23,23,0,18
BRDA:23,23,1,0
BRDA:23,24,0,18
BRDA:23,24,1,18
BRF:50
BRH:44
end_of_record
TN:
SF:src\training\training.controller.ts
FN:18,(anonymous_4)
FN:26,(anonymous_5)
FNF:2
FNH:2
FNDA:4,(anonymous_4)
FNDA:4,(anonymous_5)
DA:1,1
DA:2,1
DA:3,1
DA:4,1
DA:5,1
DA:6,1
DA:7,1
DA:8,1
DA:9,1
DA:10,1
DA:17,1
DA:18,4
DA:26,1
DA:27,4
LF:14
LH:14
BRDA:26,0,0,1
BRDA:26,0,1,0
BRDA:26,1,0,1
BRDA:26,1,1,1
BRDA:18,2,0,1
BRDA:18,2,1,0
BRDA:18,3,0,1
BRDA:18,3,1,1
BRF:8
BRH:6
end_of_record
TN:
SF:src\training\training.service.ts
FN:25,(anonymous_4)
FN:35,(anonymous_5)
FN:62,(anonymous_6)
FN:79,(anonymous_7)
FN:130,(anonymous_8)
FN:137,(anonymous_9)
FN:177,(anonymous_10)
FNF:7
FNH:6
FNDA:9,(anonymous_4)
FNDA:9,(anonymous_5)
FNDA:5,(anonymous_6)
FNDA:1,(anonymous_7)
FNDA:3,(anonymous_8)
FNDA:0,(anonymous_9)
FNDA:1,(anonymous_10)
DA:1,2
DA:2,2
DA:3,2
DA:5,2
DA:6,2
DA:7,2
DA:8,2
DA:9,2
DA:24,2
DA:26,9
DA:27,9
DA:28,9
DA:30,9
DA:32,9
DA:36,9
DA:37,8
DA:38,0
DA:41,8
DA:48,8
DA:49,5
DA:51,5
DA:52,6
DA:53,6
DA:54,6
DA:57,6
DA:61,6
DA:63,5
DA:67,6
DA:69,1
DA:74,1
DA:78,5
DA:79,1
DA:89,5
DA:90,0
DA:92,5
DA:93,0
DA:95,5
DA:96,0
DA:99,5
DA:106,0
DA:115,5
DA:116,4
DA:117,4
DA:118,2
DA:121,2
DA:122,3
DA:123,3
DA:124,3
DA:125,3
DA:129,3
DA:131,3
DA:135,3
DA:136,3
DA:137,0
DA:149,1
DA:152,2
DA:164,8
DA:165,4
DA:166,4
DA:167,4
DA:169,4
DA:170,4
DA:176,4
DA:178,1
DA:182,4
DA:184,1
DA:189,1
DA:193,3
DA:202,2
DA:204,1
DA:213,8
LF:71
LH:65
BRDA:37,0,0,0
BRDA:37,0,1,8
BRDA:48,1,0,5
BRDA:48,1,1,3
BRDA:48,2,0,8
BRDA:48,2,1,8
BRDA:67,3,0,1
BRDA:67,3,1,5
BRDA:81,4,0,0
BRDA:81,4,1,1
BRDA:81,5,0,1
BRDA:81,5,1,0
BRDA:82,6,0,1
BRDA:82,6,1,0
BRDA:83,7,0,0
BRDA:83,7,1,1
BRDA:86,8,0,5
BRDA:86,8,1,0
BRDA:89,9,0,0
BRDA:89,9,1,5
BRDA:92,10,0,0
BRDA:92,10,1,5
BRDA:95,11,0,0
BRDA:95,11,1,5
BRDA:109,12,0,0
BRDA:109,12,1,0
BRDA:115,13,0,4
BRDA:115,13,1,1
BRDA:135,14,0,3
BRDA:135,14,1,0
BRDA:139,15,0,0
BRDA:139,15,1,0
BRDA:139,16,0,0
BRDA:139,16,1,0
BRDA:140,17,0,0
BRDA:140,17,1,0
BRDA:141,18,0,0
BRDA:141,18,1,0
BRDA:144,19,0,3
BRDA:144,19,1,0
BRDA:155,20,0,2
BRDA:155,20,1,0
BRDA:164,21,0,4
BRDA:164,21,1,4
BRDA:164,22,0,8
BRDA:164,22,1,8
BRDA:182,23,0,1
BRDA:182,23,1,3
BRDA:207,24,0,1
BRDA:207,24,1,0
BRDA:26,25,0,2
BRDA:26,25,1,0
BRDA:26,26,0,2
BRDA:26,26,1,2
BRDA:26,27,0,2
BRDA:26,27,1,0
BRDA:26,28,0,2
BRDA:26,28,1,2
BRDA:27,29,0,2
BRDA:27,29,1,0
BRDA:27,30,0,2
BRDA:27,30,1,2
BRDA:28,31,0,2
BRDA:28,31,1,0
BRDA:28,32,0,2
BRDA:28,32,1,2
BRDA:30,33,0,2
BRDA:30,33,1,0
BRDA:30,34,0,2
BRDA:30,34,1,2
BRF:70
BRH:42
end_of_record
TN:
SF:src\workouts\workouts.controller.ts
FN:27,(anonymous_4)
FN:31,(anonymous_5)
FN:40,(anonymous_6)
FN:49,(anonymous_7)
FN:55,(anonymous_8)
FN:61,(anonymous_9)
FNF:6
FNH:6
FNDA:8,(anonymous_4)
FNDA:1,(anonymous_5)
FNDA:2,(anonymous_6)
FNDA:2,(anonymous_7)
FNDA:2,(anonymous_8)
FNDA:1,(anonymous_9)
DA:1,1
DA:11,1
DA:12,1
DA:13,1
DA:14,1
DA:15,1
DA:16,1
DA:17,1
DA:18,1
DA:19,1
DA:26,1
DA:27,8
DA:31,1
DA:35,1
DA:40,1
DA:44,2
DA:49,1
DA:50,2
DA:55,1
DA:56,2
DA:61,1
DA:65,1
DA:66,1
LF:23
LH:23
BRDA:33,0,0,1
BRDA:33,0,1,0
BRDA:33,1,0,1
BRDA:33,1,1,1
BRDA:42,2,0,1
BRDA:42,2,1,0
BRDA:42,3,0,1
BRDA:42,3,1,1
BRDA:27,4,0,1
BRDA:27,4,1,0
BRDA:27,5,0,1
BRDA:27,5,1,1
BRF:12
BRH:9
end_of_record
TN:
SF:src\workouts\workouts.service.ts
FN:13,(anonymous_4)
FN:20,(anonymous_5)
FN:98,(anonymous_6)
FN:103,(anonymous_7)
FN:141,(anonymous_8)
FN:163,(anonymous_9)
FN:212,(anonymous_10)
FN:249,(anonymous_11)
FN:271,(anonymous_12)
FN:284,(anonymous_13)
FN:314,(anonymous_14)
FN:327,(anonymous_15)
FN:16,(anonymous_16)
FNF:13
FNH:12
FNDA:14,(anonymous_4)
FNDA:3,(anonymous_5)
FNDA:39,(anonymous_6)
FNDA:6,(anonymous_7)
FNDA:0,(anonymous_8)
FNDA:2,(anonymous_9)
FNDA:2,(anonymous_10)
FNDA:2,(anonymous_11)
FNDA:2,(anonymous_12)
FNDA:1,(anonymous_13)
FNDA:1,(anonymous_14)
FNDA:1,(anonymous_15)
FNDA:14,(anonymous_16)
DA:1,16
DA:2,16
DA:3,16
DA:4,16
DA:9,16
DA:12,16
DA:15,14
DA:16,14
DA:17,14
DA:25,3
DA:26,3
DA:27,3
DA:28,3
DA:31,3
DA:32,3
DA:33,0
DA:37,3
DA:38,3
DA:39,0
DA:43,3
DA:44,3
DA:45,0
DA:50,3
DA:51,3
DA:52,0
DA:53,0
DA:54,0
DA:55,0
DA:57,0
DA:61,3
DA:62,0
DA:66,3
DA:67,3
DA:68,0
DA:72,3
DA:73,21
DA:74,21
DA:75,21
DA:77,21
DA:78,21
DA:82,21
DA:90,21
DA:92,0
DA:95,21
DA:98,39
DA:101,21
DA:102,21
DA:103,6
DA:112,21
DA:124,21
DA:128,3
DA:129,3
DA:130,3
DA:134,0
DA:136,0
DA:138,0
DA:139,0
DA:141,0
DA:142,0
DA:144,0
DA:150,0
DA:153,0
DA:156,0
DA:158,0
DA:159,0
DA:165,2
DA:166,2
DA:168,2
DA:171,2
DA:176,2
DA:178,1
DA:179,1
DA:180,1
DA:183,1
DA:184,1
DA:186,1
DA:191,1
DA:192,1
DA:196,1
DA:209,1
DA:216,2
DA:218,2
DA:219,1
DA:222,2
DA:223,2
DA:226,2
DA:227,0
DA:230,2
DA:231,0
DA:234,2
DA:235,0
DA:238,2
DA:242,2
DA:243,1
DA:246,1
DA:251,2
DA:252,2
DA:254,2
DA:255,2
DA:257,2
DA:272,2
DA:277,2
DA:278,1
DA:281,1
DA:289,1
DA:290,1
DA:292,1
DA:293,1
DA:294,1
DA:296,1
DA:297,1
DA:299,1
DA:315,1
DA:328,1
DA:329,1
DA:331,1
DA:342,1
LF:117
LH:91
BRDA:31,0,0,3
BRDA:31,0,1,0
BRDA:32,1,0,0
BRDA:32,1,1,3
BRDA:32,2,0,3
BRDA:32,2,1,3
BRDA:37,3,0,3
BRDA:37,3,1,0
BRDA:38,4,0,0
BRDA:38,4,1,3
BRDA:44,5,0,0
BRDA:44,5,1,3
BRDA:50,6,0,3
BRDA:50,6,1,0
BRDA:52,7,0,0
BRDA:52,7,1,0
BRDA:54,8,0,0
BRDA:54,8,1,0
BRDA:61,9,0,0
BRDA:61,9,1,3
BRDA:66,10,0,3
BRDA:66,10,1,0
BRDA:67,11,0,0
BRDA:67,11,1,3
BRDA:90,12,0,0
BRDA:90,12,1,21
BRDA:95,13,0,3
BRDA:95,13,1,18
BRDA:98,14,0,21
BRDA:98,14,1,15
BRDA:102,15,0,6
BRDA:102,15,1,15
BRDA:102,16,0,21
BRDA:102,16,1,6
BRDA:102,16,2,6
BRDA:102,16,3,6
BRDA:104,17,0,6
BRDA:104,17,1,0
BRDA:104,17,2,0
BRDA:105,18,0,6
BRDA:105,18,1,0
BRDA:120,19,0,0
BRDA:120,19,1,21
BRDA:128,20,0,3
BRDA:128,20,1,0
BRDA:134,21,0,0
BRDA:134,21,1,0
BRDA:136,22,0,0
BRDA:136,22,1,0
BRDA:136,23,0,0
BRDA:136,23,1,0
BRDA:138,24,0,0
BRDA:138,24,1,0
BRDA:139,25,0,0
BRDA:139,25,1,0
BRDA:142,26,0,0
BRDA:142,26,1,0
BRDA:176,27,0,1
BRDA:176,27,1,1
BRDA:178,28,0,1
BRDA:178,28,1,0
BRDA:179,29,0,1
BRDA:179,29,1,0
BRDA:180,30,0,0
BRDA:180,30,1,1
BRDA:192,31,0,1
BRDA:192,31,1,0
BRDA:202,32,0,1
BRDA:202,32,1,0
BRDA:203,33,0,1
BRDA:203,33,1,0
BRDA:204,34,0,0
BRDA:204,34,1,1
BRDA:218,35,0,1
BRDA:218,35,1,1
BRDA:222,36,0,2
BRDA:222,36,1,0
BRDA:226,37,0,0
BRDA:226,37,1,2
BRDA:230,38,0,0
BRDA:230,38,1,2
BRDA:234,39,0,0
BRDA:234,39,1,2
BRDA:242,40,0,1
BRDA:242,40,1,1
BRDA:277,41,0,1
BRDA:277,41,1,1
BRDA:15,42,0,16
BRDA:15,42,1,0
BRDA:15,43,0,16
BRDA:15,43,1,16
BRDA:15,44,0,4
BRDA:15,44,1,12
BRDA:15,45,0,16
BRDA:15,45,1,4
BRF:95
BRH:52
end_of_record
